This is pdfTeX, Version 3.141592653-2.6-1.40.27 (MiKTeX 25.4) (preloaded format=pdflatex 2025.5.7)  10 MAY 2025 02:54
entering extended mode
 restricted \write18 enabled.
 file:line:error style messages enabled.
 %&-line parsing enabled.
**c:/Users/vitor/Desktop/Latex-ADS-main/abntex2-modelo-ifrs-osorio-ads-tcc.tex
(c:/Users/vitor/Desktop/Latex-ADS-main/abntex2-modelo-ifrs-osorio-ads-tcc.tex
LaTeX2e <2024-11-01> patch level 2
L3 programming layer <2025-04-14>
(C:\Users\vitor\AppData\Local\Programs\MiKTeX\tex/latex/abntex2\abntex2.cls
Document Class: abntex2 2018/11/24 v-1.9.7 abnTeX2
(C:\Users\vitor\AppData\Local\Programs\MiKTeX\tex/latex/base\ifthen.sty
Package: ifthen 2024/03/16 v1.1e Standard LaTeX ifthen package (DPC)
) (C:\Users\vitor\AppData\Local\Programs\MiKTeX\tex/latex/memoir\memoir.cls
Document Class: memoir 2025/03/10 v3.8.3b configurable book, report, article document class
(C:\Users\vitor\AppData\Local\Programs\MiKTeX\tex/latex/xpatch\xpatch.sty (C:\Users\vitor\AppData\Local\Programs\MiKTeX\tex/latex/l3kernel\expl3.sty
Package: expl3 2025-04-14 L3 programming layer (loader) 
 (C:\Users\vitor\AppData\Local\Programs\MiKTeX\tex/latex/l3backend\l3backend-pdftex.def
File: l3backend-pdftex.def 2025-04-14 L3 backend support: PDF output (pdfTeX)
\l__color_backend_stack_int=\count272
))
Package: xpatch 2020/03/25 v0.3a Extending etoolbox patching commands
 (C:\Users\vitor\AppData\Local\Programs\MiKTeX\tex/latex/l3packages/xparse\xparse.sty
Package: xparse 2024-08-16 L3 Experimental document command parser
) (C:\Users\vitor\AppData\Local\Programs\MiKTeX\tex/latex/etoolbox\etoolbox.sty
Package: etoolbox 2025/02/11 v2.5l e-TeX tools for LaTeX (JAW)
\etb@tempcnta=\count273
))
\onelineskip=\skip49
\lxvchars=\skip50
\xlvchars=\skip51
\@memcnta=\count274
\c@@memmarkcntra=\count275
 (C:\Users\vitor\AppData\Local\Programs\MiKTeX\tex/generic/iftex\iftex.sty
Package: iftex 2024/12/12 v1.0g TeX engine tests
)
\trimtop=\skip52
\trimedge=\skip53
 (C:\Users\vitor\AppData\Local\Programs\MiKTeX\tex/latex/memoir\mem12.clo
File: mem12.clo 2022/07/29 v0.5 memoir class 12pt size option
)
\binding=\skip54
\spinemargin=\skip55
\foremargin=\skip56
\uppermargin=\skip57
\lowermargin=\skip58
\headdrop=\skip59
\normalrulethickness=\skip60
\mem@maxheadheight=\skip61
\mem@maxfootheight=\skip62
\headwidth=\skip63
\c@storedpagenumber=\count276
\memPD=\dimen146
\m@mabparskip=\skip64
\thanksmarkwidth=\skip65
\thanksmarksep=\skip66
\droptitle=\skip67
\c@book=\count277
\c@part=\count278
\c@chapter=\count279
\c@section=\count280
\c@subsection=\count281
\c@subsubsection=\count282
\c@paragraph=\count283
\c@subparagraph=\count284
\beforechapskip=\skip68
\midchapskip=\skip69
\afterchapskip=\skip70
\chapindent=\skip71
\bottomsectionskip=\skip72
\secindent=\skip73
\beforesecskip=\skip74
\aftersecskip=\skip75
\subsecindent=\skip76
\beforesubsecskip=\skip77
\aftersubsecskip=\skip78
\subsubsecindent=\skip79
\beforesubsubsecskip=\skip80
\aftersubsubsecskip=\skip81
\paraindent=\skip82
\beforeparaskip=\skip83
\afterparaskip=\skip84
\subparaindent=\skip85
\beforesubparaskip=\skip86
\aftersubparaskip=\skip87
\pfbreakskip=\skip88
\c@@ppsavesec=\count285
\c@@ppsaveapp=\count286
\ragrparindent=\dimen147
\everylistparindent=\dimen148
\parsepi=\skip89
\topsepi=\skip90
\itemsepi=\skip91
\parsepii=\skip92
\topsepii=\skip93
\topsepiii=\skip94
\itemsepii=\skip95
\itemsepiii=\skip96
\partopsepii=\skip97
\partopsepiii=\skip98
\m@msavetopsep=\skip99
\m@msavepartopsep=\skip100
\@enLab=\toks17
\abstitleskip=\skip101
\absleftindent=\skip102
\abs@leftindent=\dimen149
\absrightindent=\skip103
\absparindent=\skip104
\absparsep=\skip105
\c@vslineno=\count287
\c@poemline=\count288
\c@modulo@vs=\count289
\c@memfvsline=\count290
\vleftskip=\skip106
\vrightskip=\skip107
\stanzaskip=\skip108
\versewidth=\skip109
\vgap=\skip110
\vindent=\skip111
\vleftmargin=\dimen150
\c@verse=\count291
\c@chrsinstr=\count292
\beforepoemtitleskip=\skip112
\afterpoemtitleskip=\skip113
\c@poem=\count293
\beforePoemTitleskip=\skip114
\midPoemTitleskip=\skip115
\afterPoemTitleskip=\skip116
 (C:\Users\vitor\AppData\Local\Programs\MiKTeX\tex/latex/tools\array.sty
Package: array 2024/10/17 v2.6g Tabular extension package (FMi)
\col@sep=\dimen151
\ar@mcellbox=\box53
\extrarowheight=\dimen152
\NC@list=\toks18
\extratabsurround=\skip117
\backup@length=\skip118
\ar@cellbox=\box54
) (C:\Users\vitor\AppData\Local\Programs\MiKTeX\tex/latex/tools\dcolumn.sty
Package: dcolumn 2023/07/08 v1.06 decimal alignment package (DPC)
) (C:\Users\vitor\AppData\Local\Programs\MiKTeX\tex/latex/tools\delarray.sty
Package: delarray 2014/10/28 v1.01 array delimiter package (DPC)
) (C:\Users\vitor\AppData\Local\Programs\MiKTeX\tex/latex/tools\tabularx.sty
Package: tabularx 2023/12/11 v2.12a `tabularx' package (DPC)
\TX@col@width=\dimen153
\TX@old@table=\dimen154
\TX@old@col=\dimen155
\TX@target=\dimen156
\TX@delta=\dimen157
\TX@cols=\count294
\TX@ftn=\toks19
) (C:\Users\vitor\AppData\Local\Programs\MiKTeX\tex/latex/booktabs\booktabs.sty
Package: booktabs 2020/01/12 v1.61803398 Publication quality tables
\heavyrulewidth=\dimen158
\lightrulewidth=\dimen159
\cmidrulewidth=\dimen160
\belowrulesep=\dimen161
\belowbottomsep=\dimen162
\aboverulesep=\dimen163
\abovetopsep=\dimen164
\cmidrulesep=\dimen165
\cmidrulekern=\dimen166
\defaultaddspace=\dimen167
\@cmidla=\count295
\@cmidlb=\count296
\@aboverulesep=\dimen168
\@belowrulesep=\dimen169
\@thisruleclass=\count297
\@lastruleclass=\count298
\@thisrulewidth=\dimen170
)
\ctableftskip=\skip119
\ctabrightskip=\skip120
\abovecolumnspenalty=\count299
\@linestogo=\count300
\@cellstogo=\count301
\@cellsincolumn=\count302
\crtok=\toks20
\@mincolumnwidth=\dimen171
\c@newflo@tctr=\count303
\mem@margin@floatbox=\box55
\@contcwidth=\skip121
\@contindw=\skip122
\abovecaptionskip=\skip123
\belowcaptionskip=\skip124
\subfloattopskip=\skip125
\subfloatcapskip=\skip126
\subfloatcaptopadj=\skip127
\subfloatbottomskip=\skip128
\subfloatlabelskip=\skip129
\subfloatcapmargin=\dimen172
\c@@contsubnum=\count304
\m@mscap@capbox=\box56
\m@mscap@fbox=\box57
\sidecapsep=\dimen173
\sidecapwidth=\dimen174
\m@m@tempdima=\dimen175
\m@mscapraise=\dimen176
\sidecapraise=\dimen177
\m@mscapmainwidth=\dimen178
\m@mscaplkern=\dimen179
\beforeepigraphskip=\skip130
\afterepigraphskip=\skip131
\epigraphwidth=\skip132
\epigraphrule=\skip133
LaTeX Info: Redefining \em on input line 7017.
LaTeX Info: Redefining \emph on input line 7025.
 (C:\Users\vitor\AppData\Local\Programs\MiKTeX\tex/latex/hyperref\nameref.sty
Package: nameref 2023-11-26 v2.56 Cross-referencing by name of section
 (C:\Users\vitor\AppData\Local\Programs\MiKTeX\tex/latex/refcount\refcount.sty
Package: refcount 2019/12/15 v3.6 Data extraction from label references (HO)
 (C:\Users\vitor\AppData\Local\Programs\MiKTeX\tex/generic/ltxcmds\ltxcmds.sty
Package: ltxcmds 2023-12-04 v1.26 LaTeX kernel commands for general use (HO)
) (C:\Users\vitor\AppData\Local\Programs\MiKTeX\tex/generic/infwarerr\infwarerr.sty
Package: infwarerr 2019/12/03 v1.5 Providing info/warning/error messages (HO)
)) (C:\Users\vitor\AppData\Local\Programs\MiKTeX\tex/generic/gettitlestring\gettitlestring.sty
Package: gettitlestring 2019/12/15 v1.6 Cleanup title references (HO)
 (C:\Users\vitor\AppData\Local\Programs\MiKTeX\tex/latex/kvoptions\kvoptions.sty
Package: kvoptions 2022-06-15 v3.15 Key value format for package options (HO)
 (C:\Users\vitor\AppData\Local\Programs\MiKTeX\tex/latex/graphics\keyval.sty
Package: keyval 2022/05/29 v1.15 key=value parser (DPC)
\KV@toks@=\toks21
) (C:\Users\vitor\AppData\Local\Programs\MiKTeX\tex/latex/kvsetkeys\kvsetkeys.sty
Package: kvsetkeys 2022-10-05 v1.19 Key value parser (HO)
)))
\c@section@level=\count305
)
\tocentryskip=\skip134
\tocbaseline=\skip135
\cftparskip=\skip136
\cftbeforebookskip=\skip137
\cftbookindent=\dimen180
\cftbooknumwidth=\dimen181
\cftbeforepartskip=\skip138
\cftpartindent=\skip139
\cftpartnumwidth=\skip140
\cftbeforechapterskip=\skip141
\cftchapterindent=\skip142
\cftchapternumwidth=\skip143
\cftbeforesectionskip=\skip144
\cftsectionindent=\skip145
\cftsectionnumwidth=\skip146
\cftbeforesubsectionskip=\skip147
\cftsubsectionindent=\skip148
\cftsubsectionnumwidth=\skip149
\cftbeforesubsubsectionskip=\skip150
\cftsubsubsectionindent=\skip151
\cftsubsubsectionnumwidth=\skip152
\cftbeforeparagraphskip=\skip153
\cftparagraphindent=\skip154
\cftparagraphnumwidth=\skip155
\cftbeforesubparagraphskip=\skip156
\cftsubparagraphindent=\skip157
\cftsubparagraphnumwidth=\skip158
\prechapterprecisshift=\dimen182
\c@maxsecnumdepth=\count306
\bibindent=\dimen183
\bibitemsep=\skip159
\indexcolsep=\skip160
\indexrule=\skip161
\indexmarkstyle=\toks22
\@indexbox=\insert252
LaTeX Info: Redefining \raggedbottom on input line 8108.
LaTeX Info: Redefining \flushbottom on input line 8112.
\glossarycolsep=\dimen184
\glossaryrule=\dimen185
\sideparvshift=\skip162
\sideins=\insert251
\sidebartopsep=\skip163
\sidebarhsep=\skip164
\sidebarvsep=\skip165
\sidebarwidth=\skip166
\footmarkwidth=\skip167
\footmarksep=\skip168
\footparindent=\skip169
\footinsdim=\skip170
\footinsv@r=\insert250
\@mpfootinsv@r=\insert249
\m@m@k=\count307
\m@m@h=\dimen186
\m@mipn@skip=\skip171
\sidefootins=\insert248
\sidefootadjust=\skip172
\sidefootheight=\skip173
\sidefoothsep=\skip174
\sidefootvsep=\skip175
\sidefootwidth=\skip176
\m@mdownsf=\skip177
\c@sidefootnote=\count308
\sidefootmarkwidth=\skip178
\sidefootmarksep=\skip179
\sidefootparindent=\skip180
\c@pagenote=\count309
\c@pagenoteshadow=\count310
\mem@pn@lastkern=\skip181
 (C:\Users\vitor\AppData\Local\Programs\MiKTeX\tex/latex/tools\verbatim.sty
Package: verbatim 2024-01-22 v1.5x LaTeX2e package for verbatim enhancements
\every@verbatim=\toks23
\verbatim@line=\toks24
\verbatim@in@stream=\read2
)
\verbatimindent=\skip182
\verbatim@out=\write3
 (C:\Users\vitor\AppData\Local\Programs\MiKTeX\tex/latex/base\shortvrb.sty
Package: shortvrb 2024/10/23 v3.0q Standard LaTeX documentation package V3 (FMi)
)
\bvboxsep=\skip183
\c@memfbvline=\count311
\c@bvlinectr=\count312
\bvnumlength=\skip184
\fb@frw=\dimen187
\fb@frh=\dimen188
\FrameRule=\dimen189
\FrameSep=\dimen190
\c@cp@cntr=\count313
\c@ism@mctr=\count314
\c@xsm@mctr=\count315
\c@csm@mctr=\count316
\c@ksm@mctr=\count317
\c@xksm@mctr=\count318
\c@cksm@mctr=\count319
\c@msm@mctr=\count320
\c@xmsm@mctr=\count321
\c@cmsm@mctr=\count322
\c@bsm@mctr=\count323
\c@workm@mctr=\count324
\c@sheetsequence=\count325
\c@lastsheet=\count326
\c@lastpage=\count327
 (C:\Users\vitor\AppData\Local\Programs\MiKTeX\tex/latex/textcase\textcase.sty
Package: textcase 2025/02/16 v1.05 Text only upper/lower case changing (DPC)
Package textcase Info: Defining Legacy names on input line 20.
)
\c@figure=\count328
\c@lofdepth=\count329
\cftbeforefigureskip=\skip185
\cftfigureindent=\skip186
\cftfigurenumwidth=\skip187
\c@table=\count330
\c@lotdepth=\count331
\cftbeforetableskip=\skip188
\cfttableindent=\skip189
\cfttablenumwidth=\skip190
Package abstract [2008/07/23] emulated by memoir.
Package appendix [2008/07/23] emulated by memoir.
Package ccaption [2008/07/23] emulated by memoir.
Package changepage [2008/07/23] emulated by memoir.
Package chngcntr [2008/07/23] emulated by memoir.
Package chngpage [2008/07/23] emulated by memoir.
Package crop emulated by memoir.
Package enumerate [2008/07/23] emulated by memoir.
Package epigraph [2008/07/23] emulated by memoir.
Package ifmtarg [2008/07/23] emulated by memoir.
Package index [2008/07/23] emulated by memoir.
Package makeidx [2008/07/23] emulated by memoir.
Package moreverb [2008/07/23] emulated by memoir.
Package needspace [2008/07/23] emulated by memoir.
Package newfile [2008/07/23] emulated by memoir.
Package nextpage [2008/07/23] emulated by memoir.
Package pagenote [2008/07/23] emulated by memoir.
Package parskip [2008/07/23] emulated by memoir.
Package patchcmd [2008/07/23] emulated by memoir.
Package setspace [2008/07/23] emulated by memoir.
Package showidx [2008/07/23] emulated by memoir.
Package titleref [2008/07/23] emulated by memoir.
Package titling [2008/07/23] emulated by memoir.
Package tocbibind [2008/07/23] emulated by memoir.
Package tocloft [2008/07/23] emulated by memoir.
Package tocvsec2 [2008/07/23] emulated by memoir.
Package verse [2008/07/23] emulated by memoir.
) (C:\Users\vitor\AppData\Local\Programs\MiKTeX\tex/latex/hyperref\hyperref.sty
Package: hyperref 2024-11-05 v7.01l Hypertext links for LaTeX
 (C:\Users\vitor\AppData\Local\Programs\MiKTeX\tex/generic/kvdefinekeys\kvdefinekeys.sty
Package: kvdefinekeys 2019-12-19 v1.6 Define keys (HO)
) (C:\Users\vitor\AppData\Local\Programs\MiKTeX\tex/generic/pdfescape\pdfescape.sty
Package: pdfescape 2019/12/09 v1.15 Implements pdfTeX's escape features (HO)
 (C:\Users\vitor\AppData\Local\Programs\MiKTeX\tex/generic/pdftexcmds\pdftexcmds.sty
Package: pdftexcmds 2020-06-27 v0.33 Utility functions of pdfTeX for LuaTeX (HO)
Package pdftexcmds Info: \pdf@primitive is available.
Package pdftexcmds Info: \pdf@ifprimitive is available.
Package pdftexcmds Info: \pdfdraftmode found.
)) (C:\Users\vitor\AppData\Local\Programs\MiKTeX\tex/latex/hycolor\hycolor.sty
Package: hycolor 2020-01-27 v1.10 Color options for hyperref/bookmark (HO)
) (C:\Users\vitor\AppData\Local\Programs\MiKTeX\tex/generic/stringenc\stringenc.sty
Package: stringenc 2019/11/29 v1.12 Convert strings between diff. encodings (HO)
)
\@linkdim=\dimen191
\Hy@linkcounter=\count332
\Hy@pagecounter=\count333
 (C:\Users\vitor\AppData\Local\Programs\MiKTeX\tex/latex/hyperref\pd1enc.def
File: pd1enc.def 2024-11-05 v7.01l Hyperref: PDFDocEncoding definition (HO)
Now handling font encoding PD1 ...
... no UTF-8 mapping file for font encoding PD1
) (C:\Users\vitor\AppData\Local\Programs\MiKTeX\tex/generic/intcalc\intcalc.sty
Package: intcalc 2019/12/15 v1.3 Expandable calculations with integers (HO)
)
\Hy@SavedSpaceFactor=\count334
 (C:\Users\vitor\AppData\Local\Programs\MiKTeX\tex/latex/hyperref\puenc.def
File: puenc.def 2024-11-05 v7.01l Hyperref: PDF Unicode definition (HO)
Now handling font encoding PU ...
... no UTF-8 mapping file for font encoding PU
)
Package hyperref Info: Hyper figures OFF on input line 4157.
Package hyperref Info: Link nesting OFF on input line 4162.
Package hyperref Info: Hyper index ON on input line 4165.
Package hyperref Info: Plain pages OFF on input line 4172.
Package hyperref Info: Backreferencing OFF on input line 4177.
Package hyperref Info: Implicit mode ON; LaTeX internals redefined.
Package hyperref Info: Bookmarks ON on input line 4424.
\c@Hy@tempcnt=\count335
 (C:\Users\vitor\AppData\Local\Programs\MiKTeX\tex/latex/url\url.sty
\Urlmuskip=\muskip17
Package: url 2013/09/16  ver 3.4  Verb mode for urls, etc.
)
LaTeX Info: Redefining \url on input line 4763.
\XeTeXLinkMargin=\dimen192
 (C:\Users\vitor\AppData\Local\Programs\MiKTeX\tex/generic/bitset\bitset.sty
Package: bitset 2019/12/09 v1.3 Handle bit-vector datatype (HO)
 (C:\Users\vitor\AppData\Local\Programs\MiKTeX\tex/generic/bigintcalc\bigintcalc.sty
Package: bigintcalc 2019/12/15 v1.5 Expandable calculations on big integers (HO)
))
\Fld@menulength=\count336
\Field@Width=\dimen193
\Fld@charsize=\dimen194
Package hyperref Info: Hyper figures OFF on input line 6042.
Package hyperref Info: Link nesting OFF on input line 6047.
Package hyperref Info: Hyper index ON on input line 6050.
Package hyperref Info: backreferencing OFF on input line 6057.
Package hyperref Info: Link coloring OFF on input line 6062.
Package hyperref Info: Link coloring with OCG OFF on input line 6067.
Package hyperref Info: PDF/A mode OFF on input line 6072.
 (C:\Users\vitor\AppData\Local\Programs\MiKTeX\tex/latex/base\atbegshi-ltx.sty
Package: atbegshi-ltx 2021/01/10 v1.0c Emulation of the original atbegshi
package with kernel methods
)
\Hy@abspage=\count337
\c@Item=\count338
\c@Hfootnote=\count339
)
Package hyperref Info: Driver (autodetected): hpdftex.
 (C:\Users\vitor\AppData\Local\Programs\MiKTeX\tex/latex/hyperref\hpdftex.def
File: hpdftex.def 2024-11-05 v7.01l Hyperref driver for pdfTeX
 (C:\Users\vitor\AppData\Local\Programs\MiKTeX\tex/latex/base\atveryend-ltx.sty
Package: atveryend-ltx 2020/08/19 v1.0a Emulation of the original atveryend package
with kernel methods
)
\Fld@listcount=\count340
\c@bookmark@seq@number=\count341
 (C:\Users\vitor\AppData\Local\Programs\MiKTeX\tex/latex/rerunfilecheck\rerunfilecheck.sty
Package: rerunfilecheck 2022-07-10 v1.10 Rerun checks for auxiliary files (HO)
 (C:\Users\vitor\AppData\Local\Programs\MiKTeX\tex/generic/uniquecounter\uniquecounter.sty
Package: uniquecounter 2019/12/15 v1.4 Provide unlimited unique counter (HO)
)
Package uniquecounter Info: New unique counter `rerunfilecheck' on input line 285.
)
\Hy@SectionHShift=\skip191
) (C:\Users\vitor\AppData\Local\Programs\MiKTeX\tex/latex/memoir\memhfixc.sty
Package: memhfixc 2025/03/06 v1.23 hyperref package fixes for memoir class
\c@memhycontfloat=\count342
\c@mem@Hpagenote=\count343
) (C:\Users\vitor\AppData\Local\Programs\MiKTeX\tex/latex/bookmark\bookmark.sty
Package: bookmark 2023-12-10 v1.31 PDF bookmarks (HO)
 (C:\Users\vitor\AppData\Local\Programs\MiKTeX\tex/latex/bookmark\bkm-pdftex.def
File: bkm-pdftex.def 2023-12-10 v1.31 bookmark driver for pdfTeX and luaTeX (HO)
\BKM@id=\count344
)) (C:\Users\vitor\AppData\Local\Programs\MiKTeX\tex/generic/babel\babel.sty
Package: babel 2025/04/29 v25.8 The multilingual framework for pdfLaTeX, LuaLaTeX and XeLaTeX
\babel@savecnt=\count345
\U@D=\dimen195
\l@unhyphenated=\language79
 (C:\Users\vitor\AppData\Local\Programs\MiKTeX\tex/generic/babel\txtbabel.def)
\bbl@readstream=\read3
\bbl@dirlevel=\count346

*************************************
* Local config file bblopts.cfg used
*
(C:\Users\vitor\AppData\Local\Programs\MiKTeX\tex/latex/arabi\bblopts.cfg
File: bblopts.cfg 2005/09/08 v0.1 add Arabic and Farsi to "declared" options of babel
) (C:\Users\vitor\AppData\Local\Programs\MiKTeX\tex/latex/babel-english\english.ldf
Language: english 2017/06/06 v3.3r English support from the babel system
 (C:\Users\vitor\AppData\Local\Programs\MiKTeX\tex/generic/babel/locale/en\babel-english.tex
Package babel Info: Importing font and identification data for english
(babel)             from babel-en.ini. Reported on input line 11.
)
Package babel Info: Hyphen rules for 'canadian' set to \l@english
(babel)             (\language0). Reported on input line 102.
Package babel Info: Hyphen rules for 'australian' set to \l@ukenglish
(babel)             (\language73). Reported on input line 105.
Package babel Info: Hyphen rules for 'newzealand' set to \l@ukenglish
(babel)             (\language73). Reported on input line 108.
) (C:\Users\vitor\AppData\Local\Programs\MiKTeX\tex/generic/babel-french\french.ldf
Language: french 2024-07-25 v3.6c French support from the babel system
 (C:\Users\vitor\AppData\Local\Programs\MiKTeX\tex/generic/babel/locale/fr\babel-french.tex
Package babel Info: Importing font and identification data for french
(babel)             from babel-fr.ini. Reported on input line 11.
)
Package babel Info: Hyphen rules for 'acadian' set to \l@french
(babel)             (\language22). Reported on input line 91.
Package babel Info: Hyphen rules for 'canadien' set to \l@french
(babel)             (\language22). Reported on input line 92.
\FB@stdchar=\count347
Package babel Info: Making : an active character on input line 421.
Package babel Info: Making ; an active character on input line 422.
Package babel Info: Making ! an active character on input line 423.
Package babel Info: Making ? an active character on input line 424.
\FBguill@level=\count348
\FBold@everypar=\toks25
\FB@Mht=\dimen196
\mc@charclass=\count349
\mc@charfam=\count350
\mc@charslot=\count351
\std@mcc=\count352
\dec@mcc=\count353
\FB@parskip=\dimen197
\listindentFB=\dimen198
\descindentFB=\dimen199
\labelindentFB=\dimen256
\labelwidthFB=\dimen257
\leftmarginFB=\dimen258
\parindentFFN=\dimen259
\FBfnindent=\dimen260
) (C:\Users\vitor\AppData\Local\Programs\MiKTeX\tex/latex/babel-spanish\spanish.ldf
Language: spanish.ldf 2021/05/27 v5.0q Spanish support from the babel system
 (C:\Users\vitor\AppData\Local\Programs\MiKTeX\tex/generic/babel/locale/es\babel-spanish.tex
Package babel Info: Importing font and identification data for spanish
(babel)             from babel-es.ini. Reported on input line 11.
)
\es@quottoks=\toks26
\es@quotdepth=\count354
Package babel Info: Making " an active character on input line 570.
Package babel Info: Making . an active character on input line 675.
Package babel Info: Making < an active character on input line 722.
Package babel Info: Making > an active character on input line 722.
) (C:\Users\vitor\AppData\Local\Programs\MiKTeX\tex/latex/babel-portuges\brazil.ldf
Language: portuges 2021/07/09 v1.2t Portuguese support from the babel system
Package babel Info: Hyphen rules for 'brazil' set to \l@portuguese
(babel)             (\language56). Reported on input line 111.
)) (C:\Users\vitor\AppData\Local\Programs\MiKTeX\tex/latex/carlisle\scalefnt.sty) (C:\Users\vitor\AppData\Local\Programs\MiKTeX\tex/latex/enumitem\enumitem.sty
Package: enumitem 2025/02/06 v3.11 Customized lists
\labelindent=\skip192
\enit@outerparindent=\dimen261
\enit@toks=\toks27
\enit@inbox=\box58
\enit@count@id=\count355
\enitdp@description=\count356
) (C:\Users\vitor\AppData\Local\Programs\MiKTeX\tex/latex/tools\calc.sty
Package: calc 2023/07/08 v4.3 Infix arithmetic (KKT,FJ)
\calc@Acount=\count357
\calc@Bcount=\count358
\calc@Adimen=\dimen262
\calc@Bdimen=\dimen263
\calc@Askip=\skip193
\calc@Bskip=\skip194
LaTeX Info: Redefining \setlength on input line 80.
LaTeX Info: Redefining \addtolength on input line 81.
\calc@Ccount=\count359
\calc@Cskip=\skip195
)

******************************************************
Stock height and width: 845.04684pt by 597.50787pt
Top and edge trims: 0pt and 0pt
Page height and width: 845.04684pt by 597.50787pt
Text height and width: 708pt by 455pt
Spine and edge margins: 85.35826pt and 56.9055pt
Upper and lower margins: 85.35826pt and 51.68858pt
Headheight and headsep: 14.5pt and 19.8738pt
Footskip: 30pt
Columnsep and columnseprule: 10pt and 0pt
Marginparsep and marginparwidth: 7pt and 42.9055pt
Sidecapsep and sidecapwidth: 7pt and 42pt
Sidebarhsep and sidebarwidth: 7pt and 42pt
Sidebarvsep and sidebartopsep: 14.5pt and 0pt
Sidebarheight: 590.14995pt
Sidefoothsep and sidefootwidth: 7pt and 42pt
Sidefootvsep and sidefootheight: 14.5pt and 590.14995pt
******************************************************

\c@abntex@bookmarkcounter=\count360
\cftlastnumwidth=\skip196
\chapternamenumlength=\skip197
\ABNTEXcitacaorecuo=\skip198
\c@alineasi=\count361
\c@alineasii=\count362
\enitdp@alineas=\count363
\c@subalineasi=\count364
\enitdp@subalineas=\count365
\c@incisosi=\count366
\enitdp@incisos=\count367
\ABNTEXsignwidth=\skip199
\ABNTEXsignthickness=\skip256
\ABNTEXsignskip=\skip257
) (customizacoes-ifrs-osorio.sty
Package: customizacoes-ifrs-osorio 
) (C:\Users\vitor\AppData\Local\Programs\MiKTeX\tex/latex/tex-gyre\tgtermes.sty
Package: tgtermes 2009/09/27 v1.2 TeX Gyre Termes as default roman family
) (C:\Users\vitor\AppData\Local\Programs\MiKTeX\tex/latex/base\fontenc.sty
Package: fontenc 2021/04/29 v2.0v Standard LaTeX package
LaTeX Font Info:    Trying to load font information for T1+qtm on input line 116.
 (C:\Users\vitor\AppData\Local\Programs\MiKTeX\tex/latex/tex-gyre\t1qtm.fd
File: t1qtm.fd 2009/09/25 v1.2 font definition file for T1/qtm
)) (C:\Users\vitor\AppData\Local\Programs\MiKTeX\tex/latex/base\inputenc.sty
Package: inputenc 2024/02/08 v1.3d Input encoding file
\inpenc@prehook=\toks28
\inpenc@posthook=\toks29
) (C:\Users\vitor\AppData\Local\Programs\MiKTeX\tex/latex/lastpage\lastpage.sty
Package: lastpage 2025/01/27 v2.1e lastpage: 2.09 or 2e? (HMM)
 (C:\Users\vitor\AppData\Local\Programs\MiKTeX\tex/latex/lastpage\lastpage2e.sty
Package: lastpage2e 2025/01/27 v2.1e Decide which 2e lastpage version to use (HMM)
 (C:\Users\vitor\AppData\Local\Programs\MiKTeX\tex/latex/lastpage\lastpagemodern.sty
Package: lastpagemodern 2025-01-27 v2.1e Refers to last page's name (HMM; JPG)
\c@lastpagecount=\count368
) 
)) (C:\Users\vitor\AppData\Local\Programs\MiKTeX\tex/latex/tools\indentfirst.sty
Package: indentfirst 2023/07/02 v1.03 Indent first paragraph (DPC)
) (C:\Users\vitor\AppData\Local\Programs\MiKTeX\tex/latex/graphics\color.sty
Package: color 2024/06/23 v1.3e Standard LaTeX Color (DPC)
 (C:\Users\vitor\AppData\Local\Programs\MiKTeX\tex/latex/graphics-cfg\color.cfg
File: color.cfg 2016/01/02 v1.6 sample color configuration
)
Package color Info: Driver file: pdftex.def on input line 149.
 (C:\Users\vitor\AppData\Local\Programs\MiKTeX\tex/latex/graphics-def\pdftex.def
File: pdftex.def 2024/04/13 v1.2c Graphics/color driver for pdftex
) (C:\Users\vitor\AppData\Local\Programs\MiKTeX\tex/latex/graphics\mathcolor.ltx)) (C:\Users\vitor\AppData\Local\Programs\MiKTeX\tex/latex/graphics\graphicx.sty
Package: graphicx 2021/09/16 v1.2d Enhanced LaTeX Graphics (DPC,SPQR)
 (C:\Users\vitor\AppData\Local\Programs\MiKTeX\tex/latex/graphics\graphics.sty
Package: graphics 2024/08/06 v1.4g Standard LaTeX Graphics (DPC,SPQR)
 (C:\Users\vitor\AppData\Local\Programs\MiKTeX\tex/latex/graphics\trig.sty
Package: trig 2023/12/02 v1.11 sin cos tan (DPC)
) (C:\Users\vitor\AppData\Local\Programs\MiKTeX\tex/latex/graphics-cfg\graphics.cfg
File: graphics.cfg 2016/06/04 v1.11 sample graphics configuration
)
Package graphics Info: Driver file: pdftex.def on input line 106.
)
\Gin@req@height=\dimen264
\Gin@req@width=\dimen265
) (C:\Users\vitor\AppData\Local\Programs\MiKTeX\tex/latex/microtype\microtype.sty
Package: microtype 2025/02/11 v3.2a Micro-typographical refinements (RS)
\MT@toks=\toks30
\MT@tempbox=\box59
\MT@count=\count369
LaTeX Info: Redefining \noprotrusionifhmode on input line 1087.
LaTeX Info: Redefining \leftprotrusion on input line 1088.
\MT@prot@toks=\toks31
LaTeX Info: Redefining \rightprotrusion on input line 1107.
LaTeX Info: Redefining \textls on input line 1449.
\MT@outer@kern=\dimen266
LaTeX Info: Redefining \microtypecontext on input line 2053.
LaTeX Info: Redefining \textmicrotypecontext on input line 2070.
\MT@listname@count=\count370
 (C:\Users\vitor\AppData\Local\Programs\MiKTeX\tex/latex/microtype\microtype-pdftex.def
File: microtype-pdftex.def 2025/02/11 v3.2a Definitions specific to pdftex (RS)
LaTeX Info: Redefining \lsstyle on input line 944.
LaTeX Info: Redefining \lslig on input line 944.
\MT@outer@space=\skip258
)
Package microtype Info: Loading configuration file microtype.cfg.
 (C:\Users\vitor\AppData\Local\Programs\MiKTeX\tex/latex/microtype\microtype.cfg
File: microtype.cfg 2025/02/11 v3.2a microtype main configuration file (RS)
)
LaTeX Info: Redefining \microtypesetup on input line 3065.
) (C:\Users\vitor\AppData\Local\Programs\MiKTeX\tex/latex/lipsum\lipsum.sty (C:\Users\vitor\AppData\Local\Programs\MiKTeX\tex/latex/l3packages/l3keys2e\l3keys2e.sty
Package: l3keys2e 2024-08-16 LaTeX2e option processing using LaTeX3 keys
)
Package: lipsum 2021-09-20 v2.7 150 paragraphs of Lorem Ipsum dummy text
\g__lipsum_par_int=\count371
\l__lipsum_a_int=\count372
\l__lipsum_b_int=\count373
 (C:\Users\vitor\AppData\Local\Programs\MiKTeX\tex/latex/lipsum\lipsum.ltd.tex)) (C:\Users\vitor\AppData\Local\Programs\MiKTeX\tex/latex/listings\listings.sty
\lst@mode=\count374
\lst@gtempboxa=\box60
\lst@token=\toks32
\lst@length=\count375
\lst@currlwidth=\dimen267
\lst@column=\count376
\lst@pos=\count377
\lst@lostspace=\dimen268
\lst@width=\dimen269
\lst@newlines=\count378
\lst@lineno=\count379
\lst@maxwidth=\dimen270
 (C:\Users\vitor\AppData\Local\Programs\MiKTeX\tex/latex/listings\lstpatch.sty
File: lstpatch.sty 2024/09/23 1.10c (Carsten Heinz)
) (C:\Users\vitor\AppData\Local\Programs\MiKTeX\tex/latex/listings\lstmisc.sty
File: lstmisc.sty 2024/09/23 1.10c (Carsten Heinz)
\c@lstnumber=\count380
\lst@skipnumbers=\count381
\lst@framebox=\box61
) (C:\Users\vitor\AppData\Local\Programs\MiKTeX\tex/latex/listings\listings.cfg
File: listings.cfg 2024/09/23 1.10c listings configuration
))
Package: listings 2024/09/23 1.10c (Carsten Heinz)
 (C:\Users\vitor\AppData\Local\Programs\MiKTeX\tex/latex/float\float.sty
Package: float 2001/11/08 v1.3d Float enhancements (AL)
\c@float@type=\count382
\float@exts=\toks33
\float@box=\box62
\@float@everytoks=\toks34
\@floatcapt=\box63
) (C:\Users\vitor\AppData\Local\Programs\MiKTeX\tex/latex/base\textcomp.sty
Package: textcomp 2024/04/24 v2.1b Standard LaTeX package
) (C:\Users\vitor\AppData\Local\Programs\MiKTeX\tex/latex/caption\caption.sty
Package: caption 2023/08/05 v3.6o Customizing captions (AR)
 (C:\Users\vitor\AppData\Local\Programs\MiKTeX\tex/latex/caption\caption3.sty
Package: caption3 2023/07/31 v2.4d caption3 kernel (AR)
\caption@tempdima=\dimen271
\captionmargin=\dimen272
\caption@leftmargin=\dimen273
\caption@rightmargin=\dimen274
\caption@width=\dimen275
\caption@indent=\dimen276
\caption@parindent=\dimen277
\caption@hangindent=\dimen278
Package caption Info: memoir document class detected.
Package caption Info: french babel package is loaded.
 (C:\Users\vitor\AppData\Local\Programs\MiKTeX\tex/latex/caption\caption-memoir.sto
File: caption-memoir.sto 2023/09/08 v2.2c Adaption of the caption package to the memoir document class (AR)
))
\c@caption@flags=\count383
\c@continuedfloat=\count384
Package caption Info: changepage package is loaded.
\caption@adjustwidth@hsize=\dimen279
\caption@adjustwidth@linewidth=\dimen280
Package caption Info: float package is loaded.
Package caption Info: hyperref package is loaded.
Package caption Info: listings package is loaded.
) (C:\Users\vitor\AppData\Local\Programs\MiKTeX\tex/latex/hyperref\backref.sty
Package: backref 2023-11-26 v1.44 Bibliographical back referencing
) (C:\Users\vitor\AppData\Local\Programs\MiKTeX\tex/latex/abntex2\abntex2cite.sty
Package: abntex2cite 2018/11/24 v-1.9.7 abnTeX2
 (C:\Users\vitor\AppData\Local\Programs\MiKTeX\tex/latex/abntex2\abntex2abrev.sty)
\minimumbiblabelwidth=\skip259
\ABCIauxlen=\skip260
\c@ABCIaux=\count385
\c@ABCImax=\count386
 (C:\Users\vitor\AppData\Local\Programs\MiKTeX\tex/generic/iftex\ifpdf.sty
Package: ifpdf 2019/10/25 v3.4 ifpdf legacy package. Use iftex instead.
) (C:\Users\vitor\AppData\Local\Programs\MiKTeX\tex/generic/iftex\ifxetex.sty
Package: ifxetex 2019/10/25 v0.7 ifxetex legacy package. Use iftex instead.
) (C:\Users\vitor\AppData\Local\Programs\MiKTeX\tex/latex/relsize\relsize.sty
Package: relsize 2013/03/29 ver 4.1
)
\biblabelsep=\skip261
LaTeX Info: Redefining \newblock on input line 591.
LaTeX Info: Redefining \cite on input line 618.
\ABCItoken=\toks35
) (C:\Users\vitor\AppData\Local\Programs\MiKTeX\tex/latex/xcolor\xcolor.sty
Package: xcolor 2024/09/29 v3.02 LaTeX color extensions (UK)
 (C:\Users\vitor\AppData\Local\Programs\MiKTeX\tex/latex/graphics-cfg\color.cfg
File: color.cfg 2016/01/02 v1.6 sample color configuration
)
Package xcolor Info: Driver file: pdftex.def on input line 274.
LaTeX Info: Redefining \color on input line 762.
 (C:\Users\vitor\AppData\Local\Programs\MiKTeX\tex/latex/graphics\mathcolor.ltx)
Package xcolor Info: Model `cmy' substituted by `cmy0' on input line 1349.
Package xcolor Info: Model `hsb' substituted by `rgb' on input line 1353.
Package xcolor Info: Model `RGB' extended on input line 1365.
Package xcolor Info: Model `HTML' substituted by `rgb' on input line 1367.
Package xcolor Info: Model `Hsb' substituted by `hsb' on input line 1368.
Package xcolor Info: Model `tHsb' substituted by `hsb' on input line 1369.
Package xcolor Info: Model `HSB' substituted by `hsb' on input line 1370.
Package xcolor Info: Model `Gray' substituted by `gray' on input line 1371.
Package xcolor Info: Model `wave' substituted by `hsb' on input line 1372.
) (C:\Users\vitor\AppData\Local\Programs\MiKTeX\tex/latex/colortbl\colortbl.sty
Package: colortbl 2024/07/06 v1.0i Color table columns (DPC)
\everycr=\toks36
\minrowclearance=\skip262
\rownum=\count387
) (C:\Users\vitor\AppData\Local\Programs\MiKTeX\tex/latex/multirow\multirow.sty
Package: multirow 2024/11/12 v2.9 Span multiple rows of a table
\multirow@colwidth=\skip263
\multirow@cntb=\count388
\multirow@dima=\skip264
\bigstrutjot=\dimen281
) (C:\Users\vitor\AppData\Local\Programs\MiKTeX\tex/latex/diagbox\diagbox.sty
Package: diagbox 2020/02/09 v2.3 Making table heads with diagonal lines
 (C:\Users\vitor\AppData\Local\Programs\MiKTeX\tex/latex/pict2e\pict2e.sty
Package: pict2e 2020/09/30 v0.4b Improved picture commands (HjG,RN,JT)
 (C:\Users\vitor\AppData\Local\Programs\MiKTeX\tex/latex/pict2e\pict2e.cfg
File: pict2e.cfg 2016/02/05 v0.1u pict2e configuration for teTeX/TeXLive
)
Package pict2e Info: Driver file: pdftex.def on input line 112.
Package pict2e Info: Driver file for pict2e: p2e-pdftex.def on input line 114.
 (C:\Users\vitor\AppData\Local\Programs\MiKTeX\tex/latex/pict2e\p2e-pdftex.def
File: p2e-pdftex.def 2016/02/05 v0.1u Driver-dependant file (RN,HjG,JT)
)
\pIIe@GRAPH=\toks37
\@arclen=\dimen282
\@arcrad=\dimen283
\pIIe@tempdima=\dimen284
\pIIe@tempdimb=\dimen285
\pIIe@tempdimc=\dimen286
\pIIe@tempdimd=\dimen287
\pIIe@tempdime=\dimen288
\pIIe@tempdimf=\dimen289
)
\diagbox@boxa=\box64
\diagbox@boxb=\box65
\diagbox@boxm=\box66
\diagbox@wd=\dimen290
\diagbox@ht=\dimen291
\diagbox@insepl=\dimen292
\diagbox@insepr=\dimen293
\diagbox@outsepl=\dimen294
\diagbox@outsepr=\dimen295
) (C:\Users\vitor\AppData\Local\Programs\MiKTeX\tex/latex/pgf/frontendlayer\tikz.sty (C:\Users\vitor\AppData\Local\Programs\MiKTeX\tex/latex/pgf/basiclayer\pgf.sty (C:\Users\vitor\AppData\Local\Programs\MiKTeX\tex/latex/pgf/utilities\pgfrcs.sty (C:\Users\vitor\AppData\Local\Programs\MiKTeX\tex/generic/pgf/utilities\pgfutil-common.tex
\pgfutil@everybye=\toks38
\pgfutil@tempdima=\dimen296
\pgfutil@tempdimb=\dimen297
) (C:\Users\vitor\AppData\Local\Programs\MiKTeX\tex/generic/pgf/utilities\pgfutil-latex.def
\pgfutil@abb=\box67
) (C:\Users\vitor\AppData\Local\Programs\MiKTeX\tex/generic/pgf/utilities\pgfrcs.code.tex (C:\Users\vitor\AppData\Local\Programs\MiKTeX\tex/generic/pgf\pgf.revision.tex)
Package: pgfrcs 2023-01-15 v3.1.10 (3.1.10)
))
Package: pgf 2023-01-15 v3.1.10 (3.1.10)
 (C:\Users\vitor\AppData\Local\Programs\MiKTeX\tex/latex/pgf/basiclayer\pgfcore.sty (C:\Users\vitor\AppData\Local\Programs\MiKTeX\tex/latex/pgf/systemlayer\pgfsys.sty (C:\Users\vitor\AppData\Local\Programs\MiKTeX\tex/generic/pgf/systemlayer\pgfsys.code.tex
Package: pgfsys 2023-01-15 v3.1.10 (3.1.10)
 (C:\Users\vitor\AppData\Local\Programs\MiKTeX\tex/generic/pgf/utilities\pgfkeys.code.tex
\pgfkeys@pathtoks=\toks39
\pgfkeys@temptoks=\toks40
 (C:\Users\vitor\AppData\Local\Programs\MiKTeX\tex/generic/pgf/utilities\pgfkeyslibraryfiltered.code.tex
\pgfkeys@tmptoks=\toks41
))
\pgf@x=\dimen298
\pgf@y=\dimen299
\pgf@xa=\dimen300
\pgf@ya=\dimen301
\pgf@xb=\dimen302
\pgf@yb=\dimen303
\pgf@xc=\dimen304
\pgf@yc=\dimen305
\pgf@xd=\dimen306
\pgf@yd=\dimen307
\w@pgf@writea=\write4
\r@pgf@reada=\read4
\c@pgf@counta=\count389
\c@pgf@countb=\count390
\c@pgf@countc=\count391
\c@pgf@countd=\count392
\t@pgf@toka=\toks42
\t@pgf@tokb=\toks43
\t@pgf@tokc=\toks44
\pgf@sys@id@count=\count393
 (C:\Users\vitor\AppData\Local\Programs\MiKTeX\tex/generic/pgf/systemlayer\pgf.cfg
File: pgf.cfg 2023-01-15 v3.1.10 (3.1.10)
)
Driver file for pgf: pgfsys-pdftex.def
 (C:\Users\vitor\AppData\Local\Programs\MiKTeX\tex/generic/pgf/systemlayer\pgfsys-pdftex.def
File: pgfsys-pdftex.def 2023-01-15 v3.1.10 (3.1.10)
 (C:\Users\vitor\AppData\Local\Programs\MiKTeX\tex/generic/pgf/systemlayer\pgfsys-common-pdf.def
File: pgfsys-common-pdf.def 2023-01-15 v3.1.10 (3.1.10)
))) (C:\Users\vitor\AppData\Local\Programs\MiKTeX\tex/generic/pgf/systemlayer\pgfsyssoftpath.code.tex
File: pgfsyssoftpath.code.tex 2023-01-15 v3.1.10 (3.1.10)
\pgfsyssoftpath@smallbuffer@items=\count394
\pgfsyssoftpath@bigbuffer@items=\count395
) (C:\Users\vitor\AppData\Local\Programs\MiKTeX\tex/generic/pgf/systemlayer\pgfsysprotocol.code.tex
File: pgfsysprotocol.code.tex 2023-01-15 v3.1.10 (3.1.10)
)) (C:\Users\vitor\AppData\Local\Programs\MiKTeX\tex/generic/pgf/basiclayer\pgfcore.code.tex
Package: pgfcore 2023-01-15 v3.1.10 (3.1.10)
 (C:\Users\vitor\AppData\Local\Programs\MiKTeX\tex/generic/pgf/math\pgfmath.code.tex (C:\Users\vitor\AppData\Local\Programs\MiKTeX\tex/generic/pgf/math\pgfmathutil.code.tex) (C:\Users\vitor\AppData\Local\Programs\MiKTeX\tex/generic/pgf/math\pgfmathparser.code.tex
\pgfmath@dimen=\dimen308
\pgfmath@count=\count396
\pgfmath@box=\box68
\pgfmath@toks=\toks45
\pgfmath@stack@operand=\toks46
\pgfmath@stack@operation=\toks47
) (C:\Users\vitor\AppData\Local\Programs\MiKTeX\tex/generic/pgf/math\pgfmathfunctions.code.tex) (C:\Users\vitor\AppData\Local\Programs\MiKTeX\tex/generic/pgf/math\pgfmathfunctions.basic.code.tex) (C:\Users\vitor\AppData\Local\Programs\MiKTeX\tex/generic/pgf/math\pgfmathfunctions.trigonometric.code.tex) (C:\Users\vitor\AppData\Local\Programs\MiKTeX\tex/generic/pgf/math\pgfmathfunctions.random.code.tex) (C:\Users\vitor\AppData\Local\Programs\MiKTeX\tex/generic/pgf/math\pgfmathfunctions.comparison.code.tex) (C:\Users\vitor\AppData\Local\Programs\MiKTeX\tex/generic/pgf/math\pgfmathfunctions.base.code.tex) (C:\Users\vitor\AppData\Local\Programs\MiKTeX\tex/generic/pgf/math\pgfmathfunctions.round.code.tex) (C:\Users\vitor\AppData\Local\Programs\MiKTeX\tex/generic/pgf/math\pgfmathfunctions.misc.code.tex) (C:\Users\vitor\AppData\Local\Programs\MiKTeX\tex/generic/pgf/math\pgfmathfunctions.integerarithmetics.code.tex) (C:\Users\vitor\AppData\Local\Programs\MiKTeX\tex/generic/pgf/math\pgfmathcalc.code.tex) (C:\Users\vitor\AppData\Local\Programs\MiKTeX\tex/generic/pgf/math\pgfmathfloat.code.tex
\c@pgfmathroundto@lastzeros=\count397
)) (C:\Users\vitor\AppData\Local\Programs\MiKTeX\tex/generic/pgf/math\pgfint.code.tex) (C:\Users\vitor\AppData\Local\Programs\MiKTeX\tex/generic/pgf/basiclayer\pgfcorepoints.code.tex
File: pgfcorepoints.code.tex 2023-01-15 v3.1.10 (3.1.10)
\pgf@picminx=\dimen309
\pgf@picmaxx=\dimen310
\pgf@picminy=\dimen311
\pgf@picmaxy=\dimen312
\pgf@pathminx=\dimen313
\pgf@pathmaxx=\dimen314
\pgf@pathminy=\dimen315
\pgf@pathmaxy=\dimen316
\pgf@xx=\dimen317
\pgf@xy=\dimen318
\pgf@yx=\dimen319
\pgf@yy=\dimen320
\pgf@zx=\dimen321
\pgf@zy=\dimen322
) (C:\Users\vitor\AppData\Local\Programs\MiKTeX\tex/generic/pgf/basiclayer\pgfcorepathconstruct.code.tex
File: pgfcorepathconstruct.code.tex 2023-01-15 v3.1.10 (3.1.10)
\pgf@path@lastx=\dimen323
\pgf@path@lasty=\dimen324
) (C:\Users\vitor\AppData\Local\Programs\MiKTeX\tex/generic/pgf/basiclayer\pgfcorepathusage.code.tex
File: pgfcorepathusage.code.tex 2023-01-15 v3.1.10 (3.1.10)
\pgf@shorten@end@additional=\dimen325
\pgf@shorten@start@additional=\dimen326
) (C:\Users\vitor\AppData\Local\Programs\MiKTeX\tex/generic/pgf/basiclayer\pgfcorescopes.code.tex
File: pgfcorescopes.code.tex 2023-01-15 v3.1.10 (3.1.10)
\pgfpic=\box69
\pgf@hbox=\box70
\pgf@layerbox@main=\box71
\pgf@picture@serial@count=\count398
) (C:\Users\vitor\AppData\Local\Programs\MiKTeX\tex/generic/pgf/basiclayer\pgfcoregraphicstate.code.tex
File: pgfcoregraphicstate.code.tex 2023-01-15 v3.1.10 (3.1.10)
\pgflinewidth=\dimen327
) (C:\Users\vitor\AppData\Local\Programs\MiKTeX\tex/generic/pgf/basiclayer\pgfcoretransformations.code.tex
File: pgfcoretransformations.code.tex 2023-01-15 v3.1.10 (3.1.10)
\pgf@pt@x=\dimen328
\pgf@pt@y=\dimen329
\pgf@pt@temp=\dimen330
) (C:\Users\vitor\AppData\Local\Programs\MiKTeX\tex/generic/pgf/basiclayer\pgfcorequick.code.tex
File: pgfcorequick.code.tex 2023-01-15 v3.1.10 (3.1.10)
) (C:\Users\vitor\AppData\Local\Programs\MiKTeX\tex/generic/pgf/basiclayer\pgfcoreobjects.code.tex
File: pgfcoreobjects.code.tex 2023-01-15 v3.1.10 (3.1.10)
) (C:\Users\vitor\AppData\Local\Programs\MiKTeX\tex/generic/pgf/basiclayer\pgfcorepathprocessing.code.tex
File: pgfcorepathprocessing.code.tex 2023-01-15 v3.1.10 (3.1.10)
) (C:\Users\vitor\AppData\Local\Programs\MiKTeX\tex/generic/pgf/basiclayer\pgfcorearrows.code.tex
File: pgfcorearrows.code.tex 2023-01-15 v3.1.10 (3.1.10)
\pgfarrowsep=\dimen331
) (C:\Users\vitor\AppData\Local\Programs\MiKTeX\tex/generic/pgf/basiclayer\pgfcoreshade.code.tex
File: pgfcoreshade.code.tex 2023-01-15 v3.1.10 (3.1.10)
\pgf@max=\dimen332
\pgf@sys@shading@range@num=\count399
\pgf@shadingcount=\count400
) (C:\Users\vitor\AppData\Local\Programs\MiKTeX\tex/generic/pgf/basiclayer\pgfcoreimage.code.tex
File: pgfcoreimage.code.tex 2023-01-15 v3.1.10 (3.1.10)
) (C:\Users\vitor\AppData\Local\Programs\MiKTeX\tex/generic/pgf/basiclayer\pgfcoreexternal.code.tex
File: pgfcoreexternal.code.tex 2023-01-15 v3.1.10 (3.1.10)
\pgfexternal@startupbox=\box72
) (C:\Users\vitor\AppData\Local\Programs\MiKTeX\tex/generic/pgf/basiclayer\pgfcorelayers.code.tex
File: pgfcorelayers.code.tex 2023-01-15 v3.1.10 (3.1.10)
) (C:\Users\vitor\AppData\Local\Programs\MiKTeX\tex/generic/pgf/basiclayer\pgfcoretransparency.code.tex
File: pgfcoretransparency.code.tex 2023-01-15 v3.1.10 (3.1.10)
) (C:\Users\vitor\AppData\Local\Programs\MiKTeX\tex/generic/pgf/basiclayer\pgfcorepatterns.code.tex
File: pgfcorepatterns.code.tex 2023-01-15 v3.1.10 (3.1.10)
) (C:\Users\vitor\AppData\Local\Programs\MiKTeX\tex/generic/pgf/basiclayer\pgfcorerdf.code.tex
File: pgfcorerdf.code.tex 2023-01-15 v3.1.10 (3.1.10)
))) (C:\Users\vitor\AppData\Local\Programs\MiKTeX\tex/generic/pgf/modules\pgfmoduleshapes.code.tex
File: pgfmoduleshapes.code.tex 2023-01-15 v3.1.10 (3.1.10)
\pgfnodeparttextbox=\box73
) (C:\Users\vitor\AppData\Local\Programs\MiKTeX\tex/generic/pgf/modules\pgfmoduleplot.code.tex
File: pgfmoduleplot.code.tex 2023-01-15 v3.1.10 (3.1.10)
) (C:\Users\vitor\AppData\Local\Programs\MiKTeX\tex/latex/pgf/compatibility\pgfcomp-version-0-65.sty
Package: pgfcomp-version-0-65 2023-01-15 v3.1.10 (3.1.10)
\pgf@nodesepstart=\dimen333
\pgf@nodesepend=\dimen334
) (C:\Users\vitor\AppData\Local\Programs\MiKTeX\tex/latex/pgf/compatibility\pgfcomp-version-1-18.sty
Package: pgfcomp-version-1-18 2023-01-15 v3.1.10 (3.1.10)
)) (C:\Users\vitor\AppData\Local\Programs\MiKTeX\tex/latex/pgf/utilities\pgffor.sty (C:\Users\vitor\AppData\Local\Programs\MiKTeX\tex/latex/pgf/utilities\pgfkeys.sty (C:\Users\vitor\AppData\Local\Programs\MiKTeX\tex/generic/pgf/utilities\pgfkeys.code.tex)) (C:\Users\vitor\AppData\Local\Programs\MiKTeX\tex/latex/pgf/math\pgfmath.sty (C:\Users\vitor\AppData\Local\Programs\MiKTeX\tex/generic/pgf/math\pgfmath.code.tex)) (C:\Users\vitor\AppData\Local\Programs\MiKTeX\tex/generic/pgf/utilities\pgffor.code.tex
Package: pgffor 2023-01-15 v3.1.10 (3.1.10)
\pgffor@iter=\dimen335
\pgffor@skip=\dimen336
\pgffor@stack=\toks48
\pgffor@toks=\toks49
)) (C:\Users\vitor\AppData\Local\Programs\MiKTeX\tex/generic/pgf/frontendlayer/tikz\tikz.code.tex
Package: tikz 2023-01-15 v3.1.10 (3.1.10)
 (C:\Users\vitor\AppData\Local\Programs\MiKTeX\tex/generic/pgf/libraries\pgflibraryplothandlers.code.tex
File: pgflibraryplothandlers.code.tex 2023-01-15 v3.1.10 (3.1.10)
\pgf@plot@mark@count=\count401
\pgfplotmarksize=\dimen337
)
\tikz@lastx=\dimen338
\tikz@lasty=\dimen339
\tikz@lastxsaved=\dimen340
\tikz@lastysaved=\dimen341
\tikz@lastmovetox=\dimen342
\tikz@lastmovetoy=\dimen343
\tikzleveldistance=\dimen344
\tikzsiblingdistance=\dimen345
\tikz@figbox=\box74
\tikz@figbox@bg=\box75
\tikz@tempbox=\box76
\tikz@tempbox@bg=\box77
\tikztreelevel=\count402
\tikznumberofchildren=\count403
\tikznumberofcurrentchild=\count404
\tikz@fig@count=\count405
 (C:\Users\vitor\AppData\Local\Programs\MiKTeX\tex/generic/pgf/modules\pgfmodulematrix.code.tex
File: pgfmodulematrix.code.tex 2023-01-15 v3.1.10 (3.1.10)
\pgfmatrixcurrentrow=\count406
\pgfmatrixcurrentcolumn=\count407
\pgf@matrix@numberofcolumns=\count408
)
\tikz@expandcount=\count409
 (C:\Users\vitor\AppData\Local\Programs\MiKTeX\tex/generic/pgf/frontendlayer/tikz/libraries\tikzlibrarytopaths.code.tex
File: tikzlibrarytopaths.code.tex 2023-01-15 v3.1.10 (3.1.10)
))) (C:\Users\vitor\AppData\Local\Programs\MiKTeX\tex/generic/pgf/frontendlayer/tikz/libraries\tikzlibraryshapes.code.tex
File: tikzlibraryshapes.code.tex 2023-01-15 v3.1.10 (3.1.10)
 (C:\Users\vitor\AppData\Local\Programs\MiKTeX\tex/generic/pgf/frontendlayer/tikz/libraries\tikzlibraryshapes.geometric.code.tex
File: tikzlibraryshapes.geometric.code.tex 2023-01-15 v3.1.10 (3.1.10)
 (C:\Users\vitor\AppData\Local\Programs\MiKTeX\tex/generic/pgf/libraries/shapes\pgflibraryshapes.geometric.code.tex
File: pgflibraryshapes.geometric.code.tex 2023-01-15 v3.1.10 (3.1.10)
)) (C:\Users\vitor\AppData\Local\Programs\MiKTeX\tex/generic/pgf/frontendlayer/tikz/libraries\tikzlibraryshapes.misc.code.tex
File: tikzlibraryshapes.misc.code.tex 2023-01-15 v3.1.10 (3.1.10)
 (C:\Users\vitor\AppData\Local\Programs\MiKTeX\tex/generic/pgf/libraries/shapes\pgflibraryshapes.misc.code.tex
File: pgflibraryshapes.misc.code.tex 2023-01-15 v3.1.10 (3.1.10)
)) (C:\Users\vitor\AppData\Local\Programs\MiKTeX\tex/generic/pgf/frontendlayer/tikz/libraries\tikzlibraryshapes.symbols.code.tex
File: tikzlibraryshapes.symbols.code.tex 2023-01-15 v3.1.10 (3.1.10)
 (C:\Users\vitor\AppData\Local\Programs\MiKTeX\tex/generic/pgf/libraries/shapes\pgflibraryshapes.symbols.code.tex
File: pgflibraryshapes.symbols.code.tex 2023-01-15 v3.1.10 (3.1.10)
))
(C:\Users\vitor\AppData\Local\Programs\MiKTeX\tex/generic/pgf/frontendlayer/tikz/libraries\tikzlibraryshapes.arrows.code.tex
File: tikzlibraryshapes.arrows.code.tex 2023-01-15 v3.1.10 (3.1.10)
 (C:\Users\vitor\AppData\Local\Programs\MiKTeX\tex/generic/pgf/libraries/shapes\pgflibraryshapes.arrows.code.tex
File: pgflibraryshapes.arrows.code.tex 2023-01-15 v3.1.10 (3.1.10)
)) (C:\Users\vitor\AppData\Local\Programs\MiKTeX\tex/generic/pgf/frontendlayer/tikz/libraries\tikzlibraryshapes.callouts.code.tex (C:\Users\vitor\AppData\Local\Programs\MiKTeX\tex/generic/pgf/libraries/shapes\pgflibraryshapes.callouts.code.tex)) (C:\Users\vitor\AppData\Local\Programs\MiKTeX\tex/generic/pgf/frontendlayer/tikz/libraries\tikzlibraryshapes.multipart.code.tex
File: tikzlibraryshapes.multipart.code.tex 2023-01-15 v3.1.10 (3.1.10)
 (C:\Users\vitor\AppData\Local\Programs\MiKTeX\tex/generic/pgf/libraries/shapes\pgflibraryshapes.multipart.code.tex
File: pgflibraryshapes.multipart.code.tex 2023-01-15 v3.1.10 (3.1.10)
\pgfnodepartlowerbox=\box78
\pgfnodeparttwobox=\box79
\pgfnodepartthreebox=\box80
\pgfnodepartfourbox=\box81
\pgfnodeparttwentybox=\box82
\pgfnodepartnineteenbox=\box83
\pgfnodeparteighteenbox=\box84
\pgfnodepartseventeenbox=\box85
\pgfnodepartsixteenbox=\box86
\pgfnodepartfifteenbox=\box87
\pgfnodepartfourteenbox=\box88
\pgfnodepartthirteenbox=\box89
\pgfnodeparttwelvebox=\box90
\pgfnodepartelevenbox=\box91
\pgfnodeparttenbox=\box92
\pgfnodepartninebox=\box93
\pgfnodeparteightbox=\box94
\pgfnodepartsevenbox=\box95
\pgfnodepartsixbox=\box96
\pgfnodepartfivebox=\box97
))) (C:\Users\vitor\AppData\Local\Programs\MiKTeX\tex/generic/pgf/frontendlayer/tikz/libraries\tikzlibraryarrows.code.tex
File: tikzlibraryarrows.code.tex 2023-01-15 v3.1.10 (3.1.10)
 (C:\Users\vitor\AppData\Local\Programs\MiKTeX\tex/generic/pgf/libraries\pgflibraryarrows.code.tex
File: pgflibraryarrows.code.tex 2023-01-15 v3.1.10 (3.1.10)
\arrowsize=\dimen346
))
Package hyperref Info: Option `colorlinks' set `true' on input line 200.
\abntex2-modelo-ifrs-osorio-ads-tcc@idxfile=\write5
\openout5 = `abntex2-modelo-ifrs-osorio-ads-tcc.idx'.


Writing index file abntex2-modelo-ifrs-osorio-ads-tcc.idx 
(abntex2-modelo-ifrs-osorio-ads-tcc.aux
Package babel Info: 'brazil' activates 'portuges' shorthands.
(babel)             Reported  on input line 19.
 (elementos-textuais/capitulo-2-metodologia.aux) (elementos-textuais/capitulo-3-cronograma.aux) (elementos-textuais/capitulo-4-referencial-teorico.aux) (elementos-textuais/capitulo-5-trabalhos-correlatos.aux) (elementos-textuais/capitulo-6-tecnologias.aux) (elementos-textuais/capitulo-7-resultados.aux) (elementos-textuais/conclusao.aux) (elementos-pos-textuais/apendices/apendice-a.aux) (elementos-pos-textuais/apendices/apendice-b.aux) (elementos-pos-textuais/anexos/anexo-a.aux) (elementos-pos-textuais/anexos/anexo-b.aux) (elementos-pos-textuais/anexos/anexo-c.aux))
\openout1 = `abntex2-modelo-ifrs-osorio-ads-tcc.aux'.

LaTeX Font Info:    Checking defaults for OML/cmm/m/it on input line 221.
LaTeX Font Info:    ... okay on input line 221.
LaTeX Font Info:    Checking defaults for OMS/cmsy/m/n on input line 221.
LaTeX Font Info:    ... okay on input line 221.
LaTeX Font Info:    Checking defaults for OT1/cmr/m/n on input line 221.
LaTeX Font Info:    ... okay on input line 221.
LaTeX Font Info:    Checking defaults for T1/cmr/m/n on input line 221.
LaTeX Font Info:    ... okay on input line 221.
LaTeX Font Info:    Checking defaults for TS1/cmr/m/n on input line 221.
LaTeX Font Info:    ... okay on input line 221.
LaTeX Font Info:    Checking defaults for OMX/cmex/m/n on input line 221.
LaTeX Font Info:    ... okay on input line 221.
LaTeX Font Info:    Checking defaults for U/cmr/m/n on input line 221.
LaTeX Font Info:    ... okay on input line 221.
LaTeX Font Info:    Checking defaults for PD1/pdf/m/n on input line 221.
LaTeX Font Info:    ... okay on input line 221.
LaTeX Font Info:    Checking defaults for PU/pdf/m/n on input line 221.
LaTeX Font Info:    ... okay on input line 221.
Package hyperref Info: Link coloring ON on input line 221.
LaTeX Info: Redefining \degres on input line 221.
LaTeX Info: Redefining \up on input line 221.
\myptabbox=\box98
\myptabboxwidth=\skip265
 (C:\Users\vitor\AppData\Local\Programs\MiKTeX\tex/context/base/mkii\supp-pdf.mkii
[Loading MPS to PDF converter (version 2006.09.02).]
\scratchcounter=\count410
\scratchdimen=\dimen347
\scratchbox=\box99
\nofMPsegments=\count411
\nofMParguments=\count412
\everyMPshowfont=\toks50
\MPscratchCnt=\count413
\MPscratchDim=\dimen348
\MPnumerator=\count414
\makeMPintoPDFobject=\count415
\everyMPtoPDFconversion=\toks51
) (C:\Users\vitor\AppData\Local\Programs\MiKTeX\tex/latex/epstopdf-pkg\epstopdf-base.sty
Package: epstopdf-base 2020-01-24 v2.11 Base part for package epstopdf
Package epstopdf-base Info: Redefining graphics rule for `.eps' on input line 485.
 (C:\Users\vitor\AppData\Local\Programs\MiKTeX\tex/latex/00miktex\epstopdf-sys.cfg
File: epstopdf-sys.cfg 2021/03/18 v2.0 Configuration of epstopdf for MiKTeX
))
LaTeX Info: Redefining \microtypecontext on input line 221.
Package microtype Info: Applying patch `item' on input line 221.
Package microtype Info: Applying patch `toc' on input line 221.
Package microtype Info: Applying patch `eqnum' on input line 221.
Package microtype Info: Applying patch `footnote' on input line 221.
Package microtype Info: Applying patch `verbatim' on input line 221.
LaTeX Info: Redefining \microtypesetup on input line 221.
Package microtype Info: Generating PDF output.
Package microtype Info: Character protrusion enabled (level 2).
Package microtype Info: Using default protrusion set `alltext'.
Package microtype Info: Automatic font expansion enabled (level 2),
(microtype)             stretch: 20, shrink: 20, step: 1, non-selected.
Package microtype Info: Using default expansion set `alltext-nott'.
LaTeX Info: Redefining \showhyphens on input line 221.
Package microtype Info: No adjustment of tracking.
Package microtype Info: No adjustment of interword spacing.
Package microtype Info: No adjustment of character kerning.
 (C:\Users\vitor\AppData\Local\Programs\MiKTeX\tex/latex/microtype\mt-ptm.cfg
File: mt-ptm.cfg 2006/04/20 v1.7 microtype config. file: Times (RS)
)
\c@lstlisting=\count416
Package caption Info: Begin \AtBeginDocument code.
Package caption Info: End \AtBeginDocument code.
<imagens/Logo_horizontal_semfundo.png, id=6, 867.24pt x 298.11375pt>
File: imagens/Logo_horizontal_semfundo.png Graphic file (type png)
<use imagens/Logo_horizontal_semfundo.png>
Package pdftex.def Info: imagens/Logo_horizontal_semfundo.png  used on input line 238.
(pdftex.def)             Requested size: 260.17401pt x 89.43481pt.
LaTeX Font Info:    Trying to load font information for T1+ptm on input line 238.
 (C:\Users\vitor\AppData\Local\Programs\MiKTeX\tex/latex/psnfss\t1ptm.fd
File: t1ptm.fd 2001/06/04 font definitions for T1/ptm.
)

LaTeX Font Warning: Font shape `T1/ptm/sbc/n' undefined
(Font)              using `T1/ptm/m/n' instead on input line 238.


LaTeX Font Warning: Font shape `T1/ptm/bc/n' undefined
(Font)              using `T1/ptm/b/n' instead on input line 238.



[1

{C:/Users/vitor/AppData/Local/MiKTeX/fonts/map/pdftex/pdftex.map}{C:/Users/vitor/AppData/Local/Programs/MiKTeX/fonts/enc/dvips/base/8r.enc}{C:/Users/vitor/AppData/Local/Programs/MiKTeX/fonts/enc/dvips/tex-gyre/q-ec.enc} <./imagens/Logo_horizontal_semfundo.png>]

LaTeX Font Warning: Font shape `T1/ptm/bc/n' undefined
(Font)              using `T1/ptm/b/n' instead on input line 247.

(C:\Users\vitor\AppData\Local\Programs\MiKTeX\tex/latex/microtype\mt-cmr.cfg
File: mt-cmr.cfg 2013/05/19 v2.2 microtype config. file: Computer Modern Roman (RS)
)
LaTeX Font Info:    External font `cmex10' loaded for size
(Font)              <12> on input line 247.
LaTeX Font Info:    External font `cmex10' loaded for size
(Font)              <8> on input line 247.
LaTeX Font Info:    External font `cmex10' loaded for size
(Font)              <6> on input line 247.



pdfTeX warning (ext4): destination with the same identifier (name{page.1}) has been already used, duplicate ignored
<to be read again> 
                   \relax 
l.247 
       [1



] (elementos-pre-textuais/folha-de-aprovacao.tex

LaTeX Font Warning: Font shape `T1/ptm/bc/n' undefined
(Font)              using `T1/ptm/b/n' instead on input line 11.



[2

]) (elementos-pre-textuais/agradecimentos.tex

LaTeX Font Warning: Font shape `T1/ptm/bc/n' undefined
(Font)              using `T1/ptm/b/n' instead on input line 2.

LaTeX Font Info:    External font `cmex10' loaded for size
(Font)              <7> on input line 6.
LaTeX Font Info:    External font `cmex10' loaded for size
(Font)              <5> on input line 6.


[3


]) (elementos-pre-textuais/resumo.tex

LaTeX Font Warning: Font shape `T1/ptm/bc/n' undefined
(Font)              using `T1/ptm/b/n' instead on input line 3.



[4

]) (elementos-pre-textuais/abstract.tex

LaTeX Font Warning: Font shape `T1/ptm/bc/n' undefined
(Font)              using `T1/ptm/b/n' instead on input line 1.



[5

])

LaTeX Font Warning: Font shape `T1/ptm/bc/n' undefined
(Font)              using `T1/ptm/b/n' instead on input line 293.

(abntex2-modelo-ifrs-osorio-ads-tcc.lof)

[6

]

LaTeX Font Warning: Font shape `T1/ptm/bc/n' undefined
(Font)              using `T1/ptm/b/n' instead on input line 301.

(abntex2-modelo-ifrs-osorio-ads-tcc.lot)

[7

] (elementos-pre-textuais/lista-de-abreviaturas-e-siglas.tex

LaTeX Font Warning: Font shape `T1/ptm/bc/n' undefined
(Font)              using `T1/ptm/b/n' instead on input line 1.



[8


])

LaTeX Font Warning: Font shape `T1/ptm/bc/n' undefined
(Font)              using `T1/ptm/b/n' instead on input line 321.

(abntex2-modelo-ifrs-osorio-ads-tcc.toc

LaTeX Font Warning: Font shape `T1/ptm/bc/n' undefined
(Font)              using `T1/ptm/b/n' instead on input line 10.


LaTeX Font Warning: Font shape `T1/ptm/bc/n' undefined
(Font)              using `T1/ptm/b/n' instead on input line 10.


LaTeX Font Warning: Font shape `T1/ptm/bc/n' undefined
(Font)              using `T1/ptm/b/n' instead on input line 10.


LaTeX Font Warning: Font shape `T1/ptm/bc/n' undefined
(Font)              using `T1/ptm/b/n' instead on input line 10.


LaTeX Font Warning: Font shape `T1/ptm/bc/n' undefined
(Font)              using `T1/ptm/b/n' instead on input line 12.


LaTeX Font Warning: Font shape `T1/ptm/bc/n' undefined
(Font)              using `T1/ptm/b/n' instead on input line 12.


LaTeX Font Warning: Font shape `T1/ptm/bc/n' undefined
(Font)              using `T1/ptm/b/n' instead on input line 12.


LaTeX Font Warning: Font shape `T1/ptm/bc/n' undefined
(Font)              using `T1/ptm/b/n' instead on input line 12.


LaTeX Font Warning: Font shape `T1/ptm/bc/n' undefined
(Font)              using `T1/ptm/b/n' instead on input line 13.


LaTeX Font Warning: Font shape `T1/ptm/bc/n' undefined
(Font)              using `T1/ptm/b/n' instead on input line 13.


LaTeX Font Warning: Font shape `T1/ptm/bc/n' undefined
(Font)              using `T1/ptm/b/n' instead on input line 13.


LaTeX Font Warning: Font shape `T1/ptm/bc/n' undefined
(Font)              using `T1/ptm/b/n' instead on input line 15.


LaTeX Font Warning: Font shape `T1/ptm/bc/n' undefined
(Font)              using `T1/ptm/b/n' instead on input line 15.


LaTeX Font Warning: Font shape `T1/ptm/bc/n' undefined
(Font)              using `T1/ptm/b/n' instead on input line 15.


LaTeX Font Warning: Font shape `T1/ptm/bc/n' undefined
(Font)              using `T1/ptm/b/n' instead on input line 15.


LaTeX Font Warning: Font shape `T1/ptm/bc/n' undefined
(Font)              using `T1/ptm/b/n' instead on input line 17.


LaTeX Font Warning: Font shape `T1/ptm/bc/n' undefined
(Font)              using `T1/ptm/b/n' instead on input line 17.


LaTeX Font Warning: Font shape `T1/ptm/bc/n' undefined
(Font)              using `T1/ptm/b/n' instead on input line 17.


LaTeX Font Warning: Font shape `T1/ptm/bc/n' undefined
(Font)              using `T1/ptm/b/n' instead on input line 17.


LaTeX Font Warning: Font shape `T1/ptm/bc/n' undefined
(Font)              using `T1/ptm/b/n' instead on input line 18.


LaTeX Font Warning: Font shape `T1/ptm/bc/n' undefined
(Font)              using `T1/ptm/b/n' instead on input line 18.


LaTeX Font Warning: Font shape `T1/ptm/bc/n' undefined
(Font)              using `T1/ptm/b/n' instead on input line 18.


LaTeX Font Warning: Font shape `T1/ptm/bc/n' undefined
(Font)              using `T1/ptm/b/n' instead on input line 19.


LaTeX Font Warning: Font shape `T1/ptm/bc/n' undefined
(Font)              using `T1/ptm/b/n' instead on input line 19.


LaTeX Font Warning: Font shape `T1/ptm/bc/n' undefined
(Font)              using `T1/ptm/b/n' instead on input line 19.


LaTeX Font Warning: Font shape `T1/ptm/bc/n' undefined
(Font)              using `T1/ptm/b/n' instead on input line 20.


LaTeX Font Warning: Font shape `T1/ptm/bc/n' undefined
(Font)              using `T1/ptm/b/n' instead on input line 20.


LaTeX Font Warning: Font shape `T1/ptm/bc/n' undefined
(Font)              using `T1/ptm/b/n' instead on input line 20.


LaTeX Font Warning: Font shape `T1/ptm/bc/n' undefined
(Font)              using `T1/ptm/b/n' instead on input line 21.


LaTeX Font Warning: Font shape `T1/ptm/bc/n' undefined
(Font)              using `T1/ptm/b/n' instead on input line 21.


LaTeX Font Warning: Font shape `T1/ptm/bc/n' undefined
(Font)              using `T1/ptm/b/n' instead on input line 21.


LaTeX Font Warning: Font shape `T1/ptm/bc/n' undefined
(Font)              using `T1/ptm/b/n' instead on input line 22.


LaTeX Font Warning: Font shape `T1/ptm/bc/n' undefined
(Font)              using `T1/ptm/b/n' instead on input line 22.


LaTeX Font Warning: Font shape `T1/ptm/bc/n' undefined
(Font)              using `T1/ptm/b/n' instead on input line 22.


LaTeX Font Warning: Font shape `T1/ptm/bc/n' undefined
(Font)              using `T1/ptm/b/n' instead on input line 23.


LaTeX Font Warning: Font shape `T1/ptm/bc/n' undefined
(Font)              using `T1/ptm/b/n' instead on input line 23.


LaTeX Font Warning: Font shape `T1/ptm/bc/n' undefined
(Font)              using `T1/ptm/b/n' instead on input line 23.


LaTeX Font Warning: Font shape `T1/ptm/bc/n' undefined
(Font)              using `T1/ptm/b/n' instead on input line 25.


LaTeX Font Warning: Font shape `T1/ptm/bc/n' undefined
(Font)              using `T1/ptm/b/n' instead on input line 25.


LaTeX Font Warning: Font shape `T1/ptm/bc/n' undefined
(Font)              using `T1/ptm/b/n' instead on input line 25.


LaTeX Font Warning: Font shape `T1/ptm/bc/n' undefined
(Font)              using `T1/ptm/b/n' instead on input line 25.


LaTeX Font Warning: Font shape `T1/ptm/bc/n' undefined
(Font)              using `T1/ptm/b/n' instead on input line 26.


LaTeX Font Warning: Font shape `T1/ptm/bc/n' undefined
(Font)              using `T1/ptm/b/n' instead on input line 26.


LaTeX Font Warning: Font shape `T1/ptm/bc/n' undefined
(Font)              using `T1/ptm/b/n' instead on input line 26.


LaTeX Font Warning: Font shape `T1/ptm/bc/n' undefined
(Font)              using `T1/ptm/b/n' instead on input line 27.


LaTeX Font Warning: Font shape `T1/ptm/bc/n' undefined
(Font)              using `T1/ptm/b/n' instead on input line 27.


LaTeX Font Warning: Font shape `T1/ptm/bc/n' undefined
(Font)              using `T1/ptm/b/n' instead on input line 27.


LaTeX Font Warning: Font shape `T1/ptm/bc/n' undefined
(Font)              using `T1/ptm/b/n' instead on input line 28.


LaTeX Font Warning: Font shape `T1/ptm/bc/n' undefined
(Font)              using `T1/ptm/b/n' instead on input line 28.


LaTeX Font Warning: Font shape `T1/ptm/bc/n' undefined
(Font)              using `T1/ptm/b/n' instead on input line 28.


LaTeX Font Warning: Font shape `T1/ptm/bc/n' undefined
(Font)              using `T1/ptm/b/n' instead on input line 29.


LaTeX Font Warning: Font shape `T1/ptm/bc/n' undefined
(Font)              using `T1/ptm/b/n' instead on input line 29.


LaTeX Font Warning: Font shape `T1/ptm/bc/n' undefined
(Font)              using `T1/ptm/b/n' instead on input line 29.


LaTeX Font Warning: Font shape `T1/ptm/bc/n' undefined
(Font)              using `T1/ptm/b/n' instead on input line 31.


LaTeX Font Warning: Font shape `T1/ptm/bc/n' undefined
(Font)              using `T1/ptm/b/n' instead on input line 31.


LaTeX Font Warning: Font shape `T1/ptm/bc/n' undefined
(Font)              using `T1/ptm/b/n' instead on input line 31.


LaTeX Font Warning: Font shape `T1/ptm/bc/n' undefined
(Font)              using `T1/ptm/b/n' instead on input line 31.


LaTeX Font Warning: Font shape `T1/ptm/bc/n' undefined
(Font)              using `T1/ptm/b/n' instead on input line 32.


LaTeX Font Warning: Font shape `T1/ptm/bc/n' undefined
(Font)              using `T1/ptm/b/n' instead on input line 32.


LaTeX Font Warning: Font shape `T1/ptm/bc/n' undefined
(Font)              using `T1/ptm/b/n' instead on input line 32.


LaTeX Font Warning: Font shape `T1/ptm/bc/n' undefined
(Font)              using `T1/ptm/b/n' instead on input line 33.


LaTeX Font Warning: Font shape `T1/ptm/bc/n' undefined
(Font)              using `T1/ptm/b/n' instead on input line 33.


LaTeX Font Warning: Font shape `T1/ptm/bc/n' undefined
(Font)              using `T1/ptm/b/n' instead on input line 33.


LaTeX Font Warning: Font shape `T1/ptm/bc/n' undefined
(Font)              using `T1/ptm/b/n' instead on input line 34.


LaTeX Font Warning: Font shape `T1/ptm/bc/n' undefined
(Font)              using `T1/ptm/b/n' instead on input line 34.


LaTeX Font Warning: Font shape `T1/ptm/bc/n' undefined
(Font)              using `T1/ptm/b/n' instead on input line 34.


LaTeX Font Warning: Font shape `T1/ptm/bc/n' undefined
(Font)              using `T1/ptm/b/n' instead on input line 35.


LaTeX Font Warning: Font shape `T1/ptm/bc/n' undefined
(Font)              using `T1/ptm/b/n' instead on input line 35.


LaTeX Font Warning: Font shape `T1/ptm/bc/n' undefined
(Font)              using `T1/ptm/b/n' instead on input line 35.


LaTeX Font Warning: Font shape `T1/ptm/bc/n' undefined
(Font)              using `T1/ptm/b/n' instead on input line 41.


LaTeX Font Warning: Font shape `T1/ptm/bc/n' undefined
(Font)              using `T1/ptm/b/n' instead on input line 41.


LaTeX Font Warning: Font shape `T1/ptm/bc/n' undefined
(Font)              using `T1/ptm/b/n' instead on input line 41.


LaTeX Font Warning: Font shape `T1/ptm/bc/n' undefined
(Font)              using `T1/ptm/b/n' instead on input line 41.


LaTeX Font Warning: Font shape `T1/ptm/bc/n' undefined
(Font)              using `T1/ptm/b/n' instead on input line 42.


LaTeX Font Warning: Font shape `T1/ptm/bc/n' undefined
(Font)              using `T1/ptm/b/n' instead on input line 42.


LaTeX Font Warning: Font shape `T1/ptm/bc/n' undefined
(Font)              using `T1/ptm/b/n' instead on input line 42.


LaTeX Font Warning: Font shape `T1/ptm/bc/n' undefined
(Font)              using `T1/ptm/b/n' instead on input line 45.


LaTeX Font Warning: Font shape `T1/ptm/bc/n' undefined
(Font)              using `T1/ptm/b/n' instead on input line 45.


LaTeX Font Warning: Font shape `T1/ptm/bc/n' undefined
(Font)              using `T1/ptm/b/n' instead on input line 45.



[9

]

LaTeX Font Warning: Font shape `T1/ptm/bc/n' undefined
(Font)              using `T1/ptm/b/n' instead on input line 48.


LaTeX Font Warning: Font shape `T1/ptm/bc/n' undefined
(Font)              using `T1/ptm/b/n' instead on input line 48.


LaTeX Font Warning: Font shape `T1/ptm/bc/n' undefined
(Font)              using `T1/ptm/b/n' instead on input line 48.


LaTeX Font Warning: Font shape `T1/ptm/bc/n' undefined
(Font)              using `T1/ptm/b/n' instead on input line 49.


LaTeX Font Warning: Font shape `T1/ptm/bc/n' undefined
(Font)              using `T1/ptm/b/n' instead on input line 49.


LaTeX Font Warning: Font shape `T1/ptm/bc/n' undefined
(Font)              using `T1/ptm/b/n' instead on input line 49.


LaTeX Font Warning: Font shape `T1/ptm/bc/n' undefined
(Font)              using `T1/ptm/b/n' instead on input line 50.


LaTeX Font Warning: Font shape `T1/ptm/bc/n' undefined
(Font)              using `T1/ptm/b/n' instead on input line 50.


LaTeX Font Warning: Font shape `T1/ptm/bc/n' undefined
(Font)              using `T1/ptm/b/n' instead on input line 50.


LaTeX Font Warning: Font shape `T1/ptm/bc/n' undefined
(Font)              using `T1/ptm/b/n' instead on input line 51.


LaTeX Font Warning: Font shape `T1/ptm/bc/n' undefined
(Font)              using `T1/ptm/b/n' instead on input line 51.


LaTeX Font Warning: Font shape `T1/ptm/bc/n' undefined
(Font)              using `T1/ptm/b/n' instead on input line 51.


LaTeX Font Warning: Font shape `T1/ptm/bc/n' undefined
(Font)              using `T1/ptm/b/n' instead on input line 52.


LaTeX Font Warning: Font shape `T1/ptm/bc/n' undefined
(Font)              using `T1/ptm/b/n' instead on input line 52.


LaTeX Font Warning: Font shape `T1/ptm/bc/n' undefined
(Font)              using `T1/ptm/b/n' instead on input line 52.


LaTeX Font Warning: Font shape `T1/ptm/bc/n' undefined
(Font)              using `T1/ptm/b/n' instead on input line 54.


LaTeX Font Warning: Font shape `T1/ptm/bc/n' undefined
(Font)              using `T1/ptm/b/n' instead on input line 54.


LaTeX Font Warning: Font shape `T1/ptm/bc/n' undefined
(Font)              using `T1/ptm/b/n' instead on input line 54.


LaTeX Font Warning: Font shape `T1/ptm/bc/n' undefined
(Font)              using `T1/ptm/b/n' instead on input line 54.


LaTeX Font Warning: Font shape `T1/ptm/bc/n' undefined
(Font)              using `T1/ptm/b/n' instead on input line 57.


LaTeX Font Warning: Font shape `T1/ptm/bc/n' undefined
(Font)              using `T1/ptm/b/n' instead on input line 57.


LaTeX Font Warning: Font shape `T1/ptm/bc/n' undefined
(Font)              using `T1/ptm/b/n' instead on input line 57.


LaTeX Font Warning: Font shape `T1/ptm/bc/n' undefined
(Font)              using `T1/ptm/b/n' instead on input line 57.


LaTeX Font Warning: Font shape `T1/ptm/bc/n' undefined
(Font)              using `T1/ptm/b/n' instead on input line 62.


LaTeX Font Warning: Font shape `T1/ptm/bc/n' undefined
(Font)              using `T1/ptm/b/n' instead on input line 62.


LaTeX Font Warning: Font shape `T1/ptm/bc/n' undefined
(Font)              using `T1/ptm/b/n' instead on input line 62.


LaTeX Font Warning: Font shape `T1/ptm/bc/n' undefined
(Font)              using `T1/ptm/b/n' instead on input line 62.


LaTeX Font Warning: Font shape `T1/ptm/bc/n' undefined
(Font)              using `T1/ptm/b/n' instead on input line 66.


LaTeX Font Warning: Font shape `T1/ptm/bc/n' undefined
(Font)              using `T1/ptm/b/n' instead on input line 66.


LaTeX Font Warning: Font shape `T1/ptm/bc/n' undefined
(Font)              using `T1/ptm/b/n' instead on input line 66.


LaTeX Font Warning: Font shape `T1/ptm/bc/n' undefined
(Font)              using `T1/ptm/b/n' instead on input line 66.


LaTeX Font Warning: Font shape `T1/ptm/bc/n' undefined
(Font)              using `T1/ptm/b/n' instead on input line 70.


LaTeX Font Warning: Font shape `T1/ptm/bc/n' undefined
(Font)              using `T1/ptm/b/n' instead on input line 70.


LaTeX Font Warning: Font shape `T1/ptm/bc/n' undefined
(Font)              using `T1/ptm/b/n' instead on input line 70.


LaTeX Font Warning: Font shape `T1/ptm/bc/n' undefined
(Font)              using `T1/ptm/b/n' instead on input line 70.


LaTeX Font Warning: Font shape `T1/ptm/bc/n' undefined
(Font)              using `T1/ptm/b/n' instead on input line 76.


LaTeX Font Warning: Font shape `T1/ptm/bc/n' undefined
(Font)              using `T1/ptm/b/n' instead on input line 76.


LaTeX Font Warning: Font shape `T1/ptm/bc/n' undefined
(Font)              using `T1/ptm/b/n' instead on input line 76.


LaTeX Font Warning: Font shape `T1/ptm/bc/n' undefined
(Font)              using `T1/ptm/b/n' instead on input line 76.


LaTeX Font Warning: Font shape `T1/ptm/bc/n' undefined
(Font)              using `T1/ptm/b/n' instead on input line 80.


LaTeX Font Warning: Font shape `T1/ptm/bc/n' undefined
(Font)              using `T1/ptm/b/n' instead on input line 80.


LaTeX Font Warning: Font shape `T1/ptm/bc/n' undefined
(Font)              using `T1/ptm/b/n' instead on input line 80.


LaTeX Font Warning: Font shape `T1/ptm/bc/n' undefined
(Font)              using `T1/ptm/b/n' instead on input line 80.

)

[10] (elementos-textuais/introducao.tex

LaTeX Font Warning: Font shape `T1/ptm/bc/n' undefined
(Font)              using `T1/ptm/b/n' instead on input line 3.


LaTeX Font Warning: Font shape `T1/ptm/bc/n' undefined
(Font)              using `T1/ptm/b/n' instead on input line 3.


LaTeX Font Warning: Font shape `T1/ptm/bc/n' undefined
(Font)              using `T1/ptm/b/n' instead on input line 3.


LaTeX Font Warning: Font shape `T1/ptm/bc/n' undefined
(Font)              using `T1/ptm/b/n' instead on input line 3.


LaTeX Font Warning: Font shape `T1/ptm/bc/n' undefined
(Font)              using `T1/ptm/b/n' instead on input line 3.

)

[11


]

Package babel Info: 'brazil' activates 'portuges' shorthands.
(babel)             Reported  on input line 344.
[12]
\openout2 = `elementos-textuais/capitulo-2-metodologia.aux'.

 (elementos-textuais/capitulo-2-metodologia.tex

LaTeX Font Warning: Font shape `T1/ptm/bc/n' undefined
(Font)              using `T1/ptm/b/n' instead on input line 1.


LaTeX Font Warning: Font shape `T1/ptm/bc/n' undefined
(Font)              using `T1/ptm/b/n' instead on input line 1.


LaTeX Font Warning: Font shape `T1/ptm/bc/n' undefined
(Font)              using `T1/ptm/b/n' instead on input line 1.


LaTeX Font Warning: Font shape `T1/ptm/bc/n' undefined
(Font)              using `T1/ptm/b/n' instead on input line 1.


LaTeX Font Warning: Font shape `T1/ptm/bc/n' undefined
(Font)              using `T1/ptm/b/n' instead on input line 1.


Package hyperref Warning: Suppressing empty link on input line 5.


LaTeX Font Warning: Font shape `T1/ptm/sbc/it' undefined
(Font)              using `T1/ptm/sbc/n' instead on input line 14.



[13


]
<imagens/fluxoJira.png, id=250, 1268.74pt x 847.165pt>
File: imagens/fluxoJira.png Graphic file (type png)
<use imagens/fluxoJira.png>
Package pdftex.def Info: imagens/fluxoJira.png  used on input line 29.
(pdftex.def)             Requested size: 364.00139pt x 243.04744pt.


[14])

[15 <./imagens/fluxoJira.png>]
\openout2 = `elementos-textuais/capitulo-3-cronograma.aux'.

 (elementos-textuais/capitulo-3-cronograma.tex

LaTeX Font Warning: Font shape `T1/ptm/bc/n' undefined
(Font)              using `T1/ptm/b/n' instead on input line 1.


LaTeX Font Warning: Font shape `T1/ptm/bc/n' undefined
(Font)              using `T1/ptm/b/n' instead on input line 1.


LaTeX Font Warning: Font shape `T1/ptm/bc/n' undefined
(Font)              using `T1/ptm/b/n' instead on input line 1.


LaTeX Font Warning: Font shape `T1/ptm/bc/n' undefined
(Font)              using `T1/ptm/b/n' instead on input line 1.


LaTeX Font Warning: Font shape `T1/ptm/bc/n' undefined
(Font)              using `T1/ptm/b/n' instead on input line 1.

LaTeX Font Info:    Trying to load font information for TS1+qtm on input line 3.
(C:\Users\vitor\AppData\Local\Programs\MiKTeX\tex/latex/tex-gyre\ts1qtm.fd
File: ts1qtm.fd 2009/09/25 v1.2 font definition file for TS1/qtm
)

[16




{C:/Users/vitor/AppData/Local/Programs/MiKTeX/fonts/enc/dvips/tex-gyre/q-ts1.enc}])

[17]
\openout2 = `elementos-textuais/capitulo-4-referencial-teorico.aux'.

 (elementos-textuais/capitulo-4-referencial-teorico.tex

LaTeX Font Warning: Font shape `T1/ptm/bc/n' undefined
(Font)              using `T1/ptm/b/n' instead on input line 2.


LaTeX Font Warning: Font shape `T1/ptm/bc/n' undefined
(Font)              using `T1/ptm/b/n' instead on input line 2.


LaTeX Font Warning: Font shape `T1/ptm/bc/n' undefined
(Font)              using `T1/ptm/b/n' instead on input line 2.


LaTeX Font Warning: Font shape `T1/ptm/bc/n' undefined
(Font)              using `T1/ptm/b/n' instead on input line 2.


LaTeX Font Warning: Font shape `T1/ptm/bc/n' undefined
(Font)              using `T1/ptm/b/n' instead on input line 2.



[18




]

[19]

[20]
<imagens/graficoPressman.png, id=324, 725.71124pt x 410.2828pt>
File: imagens/graficoPressman.png Graphic file (type png)
<use imagens/graficoPressman.png>
Package pdftex.def Info: imagens/graficoPressman.png  used on input line 63.
(pdftex.def)             Requested size: 364.00139pt x 205.79198pt.
)

[21 <./imagens/graficoPressman.png>]

[22]
\openout2 = `elementos-textuais/capitulo-5-trabalhos-correlatos.aux'.

 (elementos-textuais/capitulo-5-trabalhos-correlatos.tex

LaTeX Font Warning: Font shape `T1/ptm/bc/n' undefined
(Font)              using `T1/ptm/b/n' instead on input line 1.


LaTeX Font Warning: Font shape `T1/ptm/bc/n' undefined
(Font)              using `T1/ptm/b/n' instead on input line 1.


LaTeX Font Warning: Font shape `T1/ptm/bc/n' undefined
(Font)              using `T1/ptm/b/n' instead on input line 1.


LaTeX Font Warning: Font shape `T1/ptm/bc/n' undefined
(Font)              using `T1/ptm/b/n' instead on input line 1.


LaTeX Font Warning: Font shape `T1/ptm/bc/n' undefined
(Font)              using `T1/ptm/b/n' instead on input line 1.

<imagens/sisGeoApp.png, id=355, 1387.1825pt x 591.20876pt>
File: imagens/sisGeoApp.png Graphic file (type png)
<use imagens/sisGeoApp.png>
Package pdftex.def Info: imagens/sisGeoApp.png  used on input line 19.
(pdftex.def)             Requested size: 455.0pt x 193.91772pt.


[23




]
<imagens/sisGeoMapa.png, id=371, 959.585pt x 490.83376pt>
File: imagens/sisGeoMapa.png Graphic file (type png)
<use imagens/sisGeoMapa.png>
Package pdftex.def Info: imagens/sisGeoMapa.png  used on input line 31.
(pdftex.def)             Requested size: 455.0pt x 232.73653pt.


[24 <./imagens/sisGeoApp.png> <./imagens/sisGeoMapa.png>]
<imagens/app1.png, id=384, 282.05376pt x 545.03625pt>
File: imagens/app1.png Graphic file (type png)
<use imagens/app1.png>
Package pdftex.def Info: imagens/app1.png  used on input line 51.
(pdftex.def)             Requested size: 150.15083pt x 290.14859pt.
<imagens/app3.png, id=385, 276.03125pt x 547.04375pt>
File: imagens/app3.png Graphic file (type png)
<use imagens/app3.png>
Package pdftex.def Info: imagens/app3.png  used on input line 52.
(pdftex.def)             Requested size: 146.96411pt x 291.26735pt.
<imagens/app2.png, id=386, 274.02374pt x 547.04375pt>
File: imagens/app2.png Graphic file (type png)
<use imagens/app2.png>
Package pdftex.def Info: imagens/app2.png  used on input line 53.
(pdftex.def)             Requested size: 145.60333pt x 290.6747pt.


[25 <./imagens/app1.png> <./imagens/app3.png> <./imagens/app2.png>]
<imagens/simbaRegistro.png, id=398, 1606.0pt x 744.7825pt>
File: imagens/simbaRegistro.png Graphic file (type png)
<use imagens/simbaRegistro.png>
Package pdftex.def Info: imagens/simbaRegistro.png  used on input line 79.
(pdftex.def)             Requested size: 455.0pt x 211.00375pt.
<imagens/simbaTrajetoria.png, id=405, 1606.0pt x 749.80125pt>
File: imagens/simbaTrajetoria.png Graphic file (type png)
<use imagens/simbaTrajetoria.png>
Package pdftex.def Info: imagens/simbaTrajetoria.png  used on input line 89.
(pdftex.def)             Requested size: 455.0pt x 212.42561pt.


[26]
<imagens/simbaMonitoramento.png, id=416, 1606.0pt x 734.745pt>
File: imagens/simbaMonitoramento.png Graphic file (type png)
<use imagens/simbaMonitoramento.png>
Package pdftex.def Info: imagens/simbaMonitoramento.png  used on input line 99.
(pdftex.def)             Requested size: 455.0pt x 208.16003pt.


[27 <./imagens/simbaRegistro.png> <./imagens/simbaTrajetoria.png>]

[28 <./imagens/simbaMonitoramento.png>])

[29]
\openout2 = `elementos-textuais/capitulo-6-tecnologias.aux'.

 (elementos-textuais/capitulo-6-tecnologias.tex

LaTeX Font Warning: Font shape `T1/ptm/bc/n' undefined
(Font)              using `T1/ptm/b/n' instead on input line 1.


LaTeX Font Warning: Font shape `T1/ptm/bc/n' undefined
(Font)              using `T1/ptm/b/n' instead on input line 1.


LaTeX Font Warning: Font shape `T1/ptm/bc/n' undefined
(Font)              using `T1/ptm/b/n' instead on input line 1.


LaTeX Font Warning: Font shape `T1/ptm/bc/n' undefined
(Font)              using `T1/ptm/b/n' instead on input line 1.


LaTeX Font Warning: Font shape `T1/ptm/bc/n' undefined
(Font)              using `T1/ptm/b/n' instead on input line 1.



[30




]

[31]
Package microtype Info: Loading generic protrusion settings for font family
(microtype)             `cmtt' (encoding: T1).
(microtype)             For optimal results, create family-specific settings.
(microtype)             See the microtype manual for details.

Overfull \hbox (13.69185pt too wide) in paragraph at lines 135--135
[]|\T1/qtm/m/n/12 (-20) persistent_bottom_nav_bar| 
 []


Underfull \hbox (badness 1442) in paragraph at lines 152--152
[]|\T1/qtm/m/n/12 (+20) Animao ske-le-ton lo-a-der (pla-cehol-ders en-
 []



[32]
Overfull \vbox (18.09912pt too high) has occurred while \output is active []



[33]

LaTeX Font Warning: Font shape `T1/ptm/bc/n' undefined
(Font)              using `T1/ptm/b/n' instead on input line 170.


LaTeX Font Warning: Font shape `T1/ptm/bc/n' undefined
(Font)              using `T1/ptm/b/n' instead on input line 182.


LaTeX Font Warning: Font shape `T1/ptm/bc/n' undefined
(Font)              using `T1/ptm/b/n' instead on input line 199.


LaTeX Font Warning: Font shape `T1/ptm/bc/n' undefined
(Font)              using `T1/ptm/b/n' instead on input line 206.

)

[34]
\openout2 = `elementos-textuais/capitulo-7-resultados.aux'.

 (elementos-textuais/capitulo-7-resultados.tex

LaTeX Font Warning: Font shape `T1/ptm/bc/n' undefined
(Font)              using `T1/ptm/b/n' instead on input line 1.


LaTeX Font Warning: Font shape `T1/ptm/bc/n' undefined
(Font)              using `T1/ptm/b/n' instead on input line 1.


LaTeX Font Warning: Font shape `T1/ptm/bc/n' undefined
(Font)              using `T1/ptm/b/n' instead on input line 1.


LaTeX Font Warning: Font shape `T1/ptm/bc/n' undefined
(Font)              using `T1/ptm/b/n' instead on input line 1.


LaTeX Font Warning: Font shape `T1/ptm/bc/n' undefined
(Font)              using `T1/ptm/b/n' instead on input line 1.


LaTeX Font Warning: Font shape `T1/ptm/bc/n' undefined
(Font)              using `T1/ptm/b/n' instead on input line 8.



[35




]

[36]
Overfull \vbox (89.84497pt too high) has occurred while \output is active []



[37]

LaTeX Font Warning: Font shape `T1/ptm/bc/n' undefined
(Font)              using `T1/ptm/b/n' instead on input line 43.


LaTeX Font Warning: Font shape `T1/ptm/bc/n' undefined
(Font)              using `T1/ptm/b/n' instead on input line 67.


LaTeX Font Warning: Font shape `T1/ptm/bc/n' undefined
(Font)              using `T1/ptm/b/n' instead on input line 71.



[38])

[39]
\openout2 = `elementos-textuais/conclusao.aux'.

 (elementos-textuais/conclusao.tex

LaTeX Font Warning: Font shape `T1/ptm/bc/n' undefined
(Font)              using `T1/ptm/b/n' instead on input line 1.


LaTeX Font Warning: Font shape `T1/ptm/bc/n' undefined
(Font)              using `T1/ptm/b/n' instead on input line 1.


LaTeX Font Warning: Font shape `T1/ptm/bc/n' undefined
(Font)              using `T1/ptm/b/n' instead on input line 1.


LaTeX Font Warning: Font shape `T1/ptm/bc/n' undefined
(Font)              using `T1/ptm/b/n' instead on input line 1.


LaTeX Font Warning: Font shape `T1/ptm/bc/n' undefined
(Font)              using `T1/ptm/b/n' instead on input line 1.

)

[40




] (abntex2-modelo-ifrs-osorio-ads-tcc.bbl (abntex2-modelo-ifrs-osorio-ads-tcc.brf)
\tf@brf=\write6
\openout6 = `abntex2-modelo-ifrs-osorio-ads-tcc.brf'.



LaTeX Font Warning: Font shape `T1/ptm/bc/n' undefined
(Font)              using `T1/ptm/b/n' instead on input line 3.

bibitemlist


[41



])

[42]
\openout2 = `elementos-pos-textuais/apendices/apendice-a.aux'.

 (elementos-pos-textuais/apendices/apendice-a.tex

LaTeX Font Warning: Font shape `T1/ptm/bc/n' undefined
(Font)              using `T1/ptm/b/n' instead on input line 2.


LaTeX Font Warning: Font shape `T1/ptm/bc/n' undefined
(Font)              using `T1/ptm/b/n' instead on input line 2.


LaTeX Font Warning: Font shape `T1/ptm/bc/n' undefined
(Font)              using `T1/ptm/b/n' instead on input line 2.


LaTeX Font Warning: Font shape `T1/ptm/bc/n' undefined
(Font)              using `T1/ptm/b/n' instead on input line 2.


LaTeX Font Warning: Font shape `T1/ptm/bc/n' undefined
(Font)              using `T1/ptm/b/n' instead on input line 2.

)

[43


]
\openout2 = `elementos-pos-textuais/apendices/apendice-b.aux'.

 (elementos-pos-textuais/apendices/apendice-b.tex

LaTeX Font Warning: Font shape `T1/ptm/bc/n' undefined
(Font)              using `T1/ptm/b/n' instead on input line 3.


LaTeX Font Warning: Font shape `T1/ptm/bc/n' undefined
(Font)              using `T1/ptm/b/n' instead on input line 3.


LaTeX Font Warning: Font shape `T1/ptm/bc/n' undefined
(Font)              using `T1/ptm/b/n' instead on input line 3.


LaTeX Font Warning: Font shape `T1/ptm/bc/n' undefined
(Font)              using `T1/ptm/b/n' instead on input line 3.


LaTeX Font Warning: Font shape `T1/ptm/bc/n' undefined
(Font)              using `T1/ptm/b/n' instead on input line 3.

)

[44




]
\openout2 = `elementos-pos-textuais/anexos/anexo-a.aux'.

 (elementos-pos-textuais/anexos/anexo-a.tex

LaTeX Font Warning: Font shape `T1/ptm/bc/n' undefined
(Font)              using `T1/ptm/b/n' instead on input line 2.


LaTeX Font Warning: Font shape `T1/ptm/bc/n' undefined
(Font)              using `T1/ptm/b/n' instead on input line 2.


LaTeX Font Warning: Font shape `T1/ptm/bc/n' undefined
(Font)              using `T1/ptm/b/n' instead on input line 2.


LaTeX Font Warning: Font shape `T1/ptm/bc/n' undefined
(Font)              using `T1/ptm/b/n' instead on input line 2.


LaTeX Font Warning: Font shape `T1/ptm/bc/n' undefined
(Font)              using `T1/ptm/b/n' instead on input line 2.

)

[45




]
\openout2 = `elementos-pos-textuais/anexos/anexo-b.aux'.

 (elementos-pos-textuais/anexos/anexo-b.tex

LaTeX Font Warning: Font shape `T1/ptm/bc/n' undefined
(Font)              using `T1/ptm/b/n' instead on input line 3.


LaTeX Font Warning: Font shape `T1/ptm/bc/n' undefined
(Font)              using `T1/ptm/b/n' instead on input line 3.


LaTeX Font Warning: Font shape `T1/ptm/bc/n' undefined
(Font)              using `T1/ptm/b/n' instead on input line 3.


LaTeX Font Warning: Font shape `T1/ptm/bc/n' undefined
(Font)              using `T1/ptm/b/n' instead on input line 3.


LaTeX Font Warning: Font shape `T1/ptm/bc/n' undefined
(Font)              using `T1/ptm/b/n' instead on input line 3.

)

[46




]
\openout2 = `elementos-pos-textuais/anexos/anexo-c.aux'.

 (elementos-pos-textuais/anexos/anexo-c.tex

LaTeX Font Warning: Font shape `T1/ptm/bc/n' undefined
(Font)              using `T1/ptm/b/n' instead on input line 2.


LaTeX Font Warning: Font shape `T1/ptm/bc/n' undefined
(Font)              using `T1/ptm/b/n' instead on input line 2.


LaTeX Font Warning: Font shape `T1/ptm/bc/n' undefined
(Font)              using `T1/ptm/b/n' instead on input line 2.


LaTeX Font Warning: Font shape `T1/ptm/bc/n' undefined
(Font)              using `T1/ptm/b/n' instead on input line 2.


LaTeX Font Warning: Font shape `T1/ptm/bc/n' undefined
(Font)              using `T1/ptm/b/n' instead on input line 2.

)

[47




]
\tf@lof=\write7
\openout7 = `abntex2-modelo-ifrs-osorio-ads-tcc.lof'.

\tf@lot=\write8
\openout8 = `abntex2-modelo-ifrs-osorio-ads-tcc.lot'.

\tf@toc=\write9
\openout9 = `abntex2-modelo-ifrs-osorio-ads-tcc.toc'.

 
enddocument/afterlastpage (AED): lastpage setting LastPage.
(abntex2-modelo-ifrs-osorio-ads-tcc.aux (elementos-textuais/capitulo-2-metodologia.aux) (elementos-textuais/capitulo-3-cronograma.aux) (elementos-textuais/capitulo-4-referencial-teorico.aux) (elementos-textuais/capitulo-5-trabalhos-correlatos.aux) (elementos-textuais/capitulo-6-tecnologias.aux) (elementos-textuais/capitulo-7-resultados.aux) (elementos-textuais/conclusao.aux) (elementos-pos-textuais/apendices/apendice-a.aux) (elementos-pos-textuais/apendices/apendice-b.aux) (elementos-pos-textuais/anexos/anexo-a.aux) (elementos-pos-textuais/anexos/anexo-b.aux) (elementos-pos-textuais/anexos/anexo-c.aux))
 ***********
LaTeX2e <2024-11-01> patch level 2
L3 programming layer <2020/03/25>
 ***********


LaTeX Font Warning: Some font shapes were not available, defaults substituted.

Package rerunfilecheck Info: File `abntex2-modelo-ifrs-osorio-ads-tcc.brf' has not changed.
(rerunfilecheck)             Checksum: 0FDE42275502D22FE8318D5FB8220F36;2172.
 ) 
Here is how much of TeX's memory you used:
 36305 strings out of 469941
 705003 string characters out of 5469431
 1275197 words of memory out of 5000000
 62052 multiletter control sequences out of 15000+600000
 687811 words of font info for 169 fonts, out of 8000000 for 9000
 1141 hyphenation exceptions out of 8191
 99i,14n,107p,1647b,730s stack positions out of 10000i,1000n,20000p,200000b,200000s
 <C:\Users\vitor\AppData\Local\MiKTeX\fonts/pk/ljfour/jknappen/ec/dpi600\ectt1200.pk><C:/Users/vitor/AppData/Local/Programs/MiKTeX/fonts/type1/public/tex-gyre/qtmb.pfb><C:/Users/vitor/AppData/Local/Programs/MiKTeX/fonts/type1/public/tex-gyre/qtmr.pfb><C:/Users/vitor/AppData/Local/Programs/MiKTeX/fonts/type1/public/tex-gyre/qtmri.pfb><C:/Users/vitor/AppData/Local/Programs/MiKTeX/fonts/type1/urw/times/utmb8a.pfb><C:/Users/vitor/AppData/Local/Programs/MiKTeX/fonts/type1/urw/times/utmbi8a.pfb><C:/Users/vitor/AppData/Local/Programs/MiKTeX/fonts/type1/urw/times/utmr8a.pfb>
Output written on abntex2-modelo-ifrs-osorio-ads-tcc.pdf (48 pages, 2176393 bytes).
PDF statistics:
 853 PDF objects out of 1000 (max. 8388607)
 176 named destinations out of 1000 (max. 500000)
 30188 words of extra memory for PDF output out of 35830 (max. 10000000)

